Log file open, 01/31/20 21:00:03
LogWindows: Failed to load 'aqProf.dll' (GetLastError=126)
LogWindows: File 'aqProf.dll' does not exist
LogWindows: Failed to load 'VtuneApi.dll' (GetLastError=126)
LogWindows: File 'VtuneApi.dll' does not exist
LogWindows: Failed to load 'VtuneApi32e.dll' (GetLastError=126)
LogWindows: File 'VtuneApi32e.dll' does not exist
LogConsoleResponse: Display: Failed to find resolution value strings in scalability ini. Falling back to default.
LogInit: Display: Running engine for game: SpaceCoop
LogPlatformFile: Not using cached read wrapper
LogTaskGraph: Started task graph with 5 named threads and 35 total threads with 3 sets of task threads.
LogStats: Stats thread started at 0.145270
LogD3D11RHI: Loaded GFSDK_Aftermath_Lib.x64.dll
LogICUInternationalization: ICU TimeZone Detection - Raw Offset: -5:00, Platform Override: ''
LogPluginManager: Mounting plugin Paper2D
LogPluginManager: Mounting plugin AISupport
LogPluginManager: Mounting plugin LightPropagationVolume
LogPluginManager: Mounting plugin ActorLayerUtilities
LogPluginManager: Mounting plugin AnimationSharing
LogPluginManager: Mounting plugin CLionSourceCodeAccess
LogPluginManager: Mounting plugin CodeLiteSourceCodeAccess
LogPluginManager: Mounting plugin GitSourceControl
LogPluginManager: Mounting plugin KDevelopSourceCodeAccess
LogPluginManager: Mounting plugin NullSourceCodeAccess
LogPluginManager: Mounting plugin PerforceSourceControl
LogPluginManager: Mounting plugin SubversionSourceControl
LogPluginManager: Mounting plugin UObjectPlugin
LogPluginManager: Mounting plugin VisualStudioCodeSourceCodeAccess
LogPluginManager: Mounting plugin VisualStudioSourceCodeAccess
LogPluginManager: Mounting plugin XCodeSourceCodeAccess
LogPluginManager: Mounting plugin AssetManagerEditor
LogPluginManager: Mounting plugin CryptoKeys
LogPluginManager: Mounting plugin CurveEditorTools
LogPluginManager: Mounting plugin DataValidation
LogPluginManager: Mounting plugin FacialAnimation
LogPluginManager: Mounting plugin GameplayTagsEditor
LogPluginManager: Mounting plugin MacGraphicsSwitching
LogPluginManager: Mounting plugin MaterialAnalyzer
LogPluginManager: Mounting plugin MobileLauncherProfileWizard
LogPluginManager: Mounting plugin PluginBrowser
LogPluginManager: Mounting plugin SpeedTreeImporter
LogPluginManager: Mounting plugin DatasmithContent
LogPluginManager: Mounting plugin VariantManagerContent
LogPluginManager: Mounting plugin AlembicImporter
LogPluginManager: Mounting plugin AutomationUtils
LogPluginManager: Mounting plugin BackChannel
LogPluginManager: Mounting plugin CharacterAI
LogPluginManager: Mounting plugin GeometryCache
LogPluginManager: Mounting plugin HTML5Networking
LogPluginManager: Mounting plugin PlatformCrypto
LogPluginManager: Mounting plugin ProxyLODPlugin
LogPluginManager: Mounting plugin SkeletalReduction
LogPluginManager: Mounting plugin MagicLeap
LogPluginManager: Mounting plugin MagicLeapMedia
LogPluginManager: Mounting plugin AndroidMedia
LogPluginManager: Mounting plugin AvfMedia
LogPluginManager: Mounting plugin ImgMedia
LogPluginManager: Mounting plugin MediaCompositing
LogPluginManager: Mounting plugin MediaPlayerEditor
LogPluginManager: Mounting plugin WebMMedia
LogPluginManager: Mounting plugin WmfMedia
LogPluginManager: Mounting plugin TcpMessaging
LogPluginManager: Mounting plugin UdpMessaging
LogPluginManager: Mounting plugin ActorSequence
LogPluginManager: Mounting plugin LevelSequenceEditor
LogPluginManager: Mounting plugin MatineeToLevelSequence
LogPluginManager: Mounting plugin NetcodeUnitTest
LogPluginManager: Mounting plugin NUTUnrealEngine4
LogPluginManager: Mounting plugin OnlineSubsystemGooglePlay
LogPluginManager: Mounting plugin OnlineSubsystemIOS
LogPluginManager: Mounting plugin OnlineSubsystem
LogPluginManager: Mounting plugin OnlineSubsystemNull
LogPluginManager: Mounting plugin OnlineSubsystemUtils
LogPluginManager: Mounting plugin LauncherChunkInstaller
LogPluginManager: Mounting plugin AndroidDeviceProfileSelector
LogPluginManager: Mounting plugin AndroidMoviePlayer
LogPluginManager: Mounting plugin AndroidPermission
LogPluginManager: Mounting plugin AppleImageUtils
LogPluginManager: Mounting plugin AppleMoviePlayer
LogPluginManager: Mounting plugin ArchVisCharacter
LogPluginManager: Mounting plugin AudioCapture
LogPluginManager: Mounting plugin CableComponent
LogPluginManager: Mounting plugin CustomMeshComponent
LogPluginManager: Mounting plugin EditableMesh
LogPluginManager: Mounting plugin ExampleDeviceProfileSelector
LogPluginManager: Mounting plugin GoogleCloudMessaging
LogPluginManager: Mounting plugin HoudiniEngine
LogPluginManager: Mounting plugin IOSDeviceProfileSelector
LogPluginManager: Mounting plugin LinuxDeviceProfileSelector
LogPluginManager: Mounting plugin LocationServicesBPLibrary
LogPluginManager: Mounting plugin MobilePatchingUtils
LogPluginManager: Mounting plugin OculusVR
LogPluginManager: Mounting plugin PhysXVehicles
LogPluginManager: Mounting plugin ProceduralMeshComponent
LogPluginManager: Mounting plugin RuntimePhysXCooking
LogPluginManager: Mounting plugin SignificanceManager
LogPluginManager: Mounting plugin SteamVR
LogPluginManager: Mounting plugin WebMMoviePlayer
LogPluginManager: Mounting plugin WindowsMoviePlayer
LogPluginManager: Mounting plugin ScreenshotTools
LogInit: Using libcurl 7.55.1-DEV
LogInit:  - built for x86_64-pc-win32
LogInit:  - supports SSL with OpenSSL/1.1.1
LogInit:  - supports HTTP deflate (compression) using libz 1.2.8
LogInit:  - other features:
LogInit:      CURL_VERSION_SSL
LogInit:      CURL_VERSION_LIBZ
LogInit:      CURL_VERSION_IPV6
LogInit:      CURL_VERSION_ASYNCHDNS
LogInit:      CURL_VERSION_LARGEFILE
LogInit:      CURL_VERSION_IDN
LogInit:  CurlRequestOptions (configurable via config and command line):
LogInit:  - bVerifyPeer = true  - Libcurl will verify peer certificate
LogInit:  - bUseHttpProxy = false  - Libcurl will NOT use HTTP proxy
LogInit:  - bDontReuseConnections = false  - Libcurl will reuse connections
LogInit:  - MaxHostConnections = 16  - Libcurl will limit the number of connections to a host
LogInit:  - LocalHostAddr = Default
LogInit:  - BufferSize = 65536
LogOnline: OSS: Creating online subsystem instance for: NULL
LogInit: WinSock: version 1.1 (2.2), MaxSocks=32767, MaxUdp=65467
LogInit: Build: ++UE4+Release-4.23-CL-9631420
LogInit: Engine Version: 4.23.1-9631420+++UE4+Release-4.23
LogInit: Compatible Engine Version: 4.23.0-8386587+++UE4+Release-4.23
LogInit: Net CL: 8386587
LogInit: OS: Windows 10 (Release 1809) (), CPU: Intel(R) Xeon(R) CPU E5-1650 v4 @ 3.60GHz, GPU: NVIDIA Quadro M4000
LogInit: Compiled (64-bit): Oct 18 2019 02:07:44
LogInit: Compiled with Visual C++: 19.16.27030.01
LogInit: Build Configuration: Development
LogInit: Branch Name: ++UE4+Release-4.23
LogInit: Command Line: 
LogInit: Base Directory: C:/Program Files/Epic Games/UE_4.23/Engine/Binaries/Win64/
LogInit: Installed Engine Build: 1
LogDevObjectVersion: Number of dev versions registered: 23
LogDevObjectVersion:   Dev-Blueprints (B0D832E4-1F89-4F0D-ACCF-7EB736FD4AA2): 10
LogDevObjectVersion:   Dev-Build (E1C64328-A22C-4D53-A36C-8E866417BD8C): 0
LogDevObjectVersion:   Dev-Core (375EC13C-06E4-48FB-B500-84F0262A717E): 3
LogDevObjectVersion:   Dev-Editor (E4B068ED-F494-42E9-A231-DA0B2E46BB41): 34
LogDevObjectVersion:   Dev-Framework (CFFC743F-43B0-4480-9391-14DF171D2073): 35
LogDevObjectVersion:   Dev-Mobile (B02B49B5-BB20-44E9-A304-32B752E40360): 2
LogDevObjectVersion:   Dev-Networking (A4E4105C-59A1-49B5-A7C5-40C4547EDFEE): 0
LogDevObjectVersion:   Dev-Online (39C831C9-5AE6-47DC-9A44-9C173E1C8E7C): 0
LogDevObjectVersion:   Dev-Physics (78F01B33-EBEA-4F98-B9B4-84EACCB95AA2): 0
LogDevObjectVersion:   Dev-Platform (6631380F-2D4D-43E0-8009-CF276956A95A): 0
LogDevObjectVersion:   Dev-Rendering (12F88B9F-8875-4AFC-A67C-D90C383ABD29): 31
LogDevObjectVersion:   Dev-Sequencer (7B5AE74C-D270-4C10-A958-57980B212A5A): 11
LogDevObjectVersion:   Dev-VR (D7296918-1DD6-4BDD-9DE2-64A83CC13884): 2
LogDevObjectVersion:   Dev-LoadTimes (C2A15278-BFE7-4AFE-6C17-90FF531DF755): 1
LogDevObjectVersion:   Private-Geometry (6EACA3D4-40EC-4CC1-B786-8BED09428FC5): 3
LogDevObjectVersion:   Dev-AnimPhys (29E575DD-E0A3-4627-9D10-D276232CDCEA): 17
LogDevObjectVersion:   Dev-Anim (AF43A65D-7FD3-4947-9873-3E8ED9C1BB05): 2
LogDevObjectVersion:   Dev-ReflectionCapture (6B266CEC-1EC7-4B8F-A30B-E4D90942FC07): 1
LogDevObjectVersion:   Dev-Automation (0DF73D61-A23F-47EA-B727-89E90C41499A): 1
LogDevObjectVersion:   FortniteMain (601D1886-AC64-4F84-AA16-D3DE0DEAC7D6): 27
LogDevObjectVersion:   Dev-Enterprise (9DFFBCD6-494F-0158-E221-12823C92A888): 6
LogDevObjectVersion:   Dev-Niagara (F2AED0AC-9AFE-416F-8664-AA7FFA26D6FC): 1
LogDevObjectVersion:   Dev-Destruction (174F1F0B-B4C6-45A5-B13F-2EE8D0FB917D): 9
LogInit: Presizing for max 16777216 objects, including 0 objects not considered by GC, pre-allocating 0 bytes for permanent pool.
LogInit: Object subsystem initialized
LogConfig: Setting CVar [[con.DebugEarlyDefault:1]]
LogConfig: Setting CVar [[r.setres:1280x720]]
[2020.02.01-02.00.03:702][  0]LogConfig: Setting CVar [[r.VSync:0]]
[2020.02.01-02.00.03:702][  0]LogConfig: Setting CVar [[r.RHICmdBypass:0]]
[2020.02.01-02.00.03:702][  0]LogConfig: Applying CVar settings from Section [/Script/Engine.RendererSettings] File [D:/SpaceCoop/SpaceCoop/Saved/Config/Windows/Engine.ini]
[2020.02.01-02.00.03:702][  0]LogConfig: Setting CVar [[r.GPUCrashDebugging:0]]
[2020.02.01-02.00.03:702][  0]LogConfig: Setting CVar [[r.DefaultFeature.AutoExposure.ExtendDefaultLuminanceRange:1]]
[2020.02.01-02.00.03:702][  0]LogConfig: Applying CVar settings from Section [/Script/Engine.RendererOverrideSettings] File [D:/SpaceCoop/SpaceCoop/Saved/Config/Windows/Engine.ini]
[2020.02.01-02.00.03:702][  0]LogConfig: Applying CVar settings from Section [/Script/Engine.StreamingSettings] File [D:/SpaceCoop/SpaceCoop/Saved/Config/Windows/Engine.ini]
[2020.02.01-02.00.03:702][  0]LogConfig: Setting CVar [[s.MinBulkDataSizeForAsyncLoading:131072]]
[2020.02.01-02.00.03:702][  0]LogConfig: Setting CVar [[s.AsyncLoadingThreadEnabled:0]]
[2020.02.01-02.00.03:702][  0]LogConfig: Setting CVar [[s.EventDrivenLoaderEnabled:1]]
[2020.02.01-02.00.03:702][  0]LogConfig: Setting CVar [[s.WarnIfTimeLimitExceeded:0]]
[2020.02.01-02.00.03:702][  0]LogConfig: Setting CVar [[s.TimeLimitExceededMultiplier:1.5]]
[2020.02.01-02.00.03:702][  0]LogConfig: Setting CVar [[s.TimeLimitExceededMinTime:0.005]]
[2020.02.01-02.00.03:702][  0]LogConfig: Setting CVar [[s.UseBackgroundLevelStreaming:1]]
[2020.02.01-02.00.03:702][  0]LogConfig: Setting CVar [[s.PriorityAsyncLoadingExtraTime:15.0]]
[2020.02.01-02.00.03:702][  0]LogConfig: Setting CVar [[s.LevelStreamingActorsUpdateTimeLimit:5.0]]
[2020.02.01-02.00.03:702][  0]LogConfig: Setting CVar [[s.PriorityLevelStreamingActorsUpdateExtraTime:5.0]]
[2020.02.01-02.00.03:702][  0]LogConfig: Setting CVar [[s.LevelStreamingComponentsRegistrationGranularity:10]]
[2020.02.01-02.00.03:702][  0]LogConfig: Setting CVar [[s.UnregisterComponentsTimeLimit:1.0]]
[2020.02.01-02.00.03:702][  0]LogConfig: Setting CVar [[s.LevelStreamingComponentsUnregistrationGranularity:5]]
[2020.02.01-02.00.03:702][  0]LogConfig: Applying CVar settings from Section [/Script/Engine.GarbageCollectionSettings] File [D:/SpaceCoop/SpaceCoop/Saved/Config/Windows/Engine.ini]
[2020.02.01-02.00.03:702][  0]LogConfig: Setting CVar [[gc.MaxObjectsNotConsideredByGC:1]]
[2020.02.01-02.00.03:702][  0]LogConfig: Setting CVar [[gc.SizeOfPermanentObjectPool:0]]
[2020.02.01-02.00.03:702][  0]LogConfig: Setting CVar [[gc.FlushStreamingOnGC:0]]
[2020.02.01-02.00.03:702][  0]LogConfig: Setting CVar [[gc.NumRetriesBeforeForcingGC:10]]
[2020.02.01-02.00.03:702][  0]LogConfig: Setting CVar [[gc.AllowParallelGC:1]]
[2020.02.01-02.00.03:702][  0]LogConfig: Setting CVar [[gc.TimeBetweenPurgingPendingKillObjects:61.1]]
[2020.02.01-02.00.03:702][  0]LogConfig: Setting CVar [[gc.MaxObjectsInEditor:16777216]]
[2020.02.01-02.00.03:702][  0]LogConfig: Setting CVar [[gc.IncrementalBeginDestroyEnabled:1]]
[2020.02.01-02.00.03:702][  0]LogConfig: Setting CVar [[gc.CreateGCClusters:1]]
[2020.02.01-02.00.03:702][  0]LogConfig: Setting CVar [[gc.MinGCClusterSize:5]]
[2020.02.01-02.00.03:702][  0]LogConfig: Setting CVar [[gc.ActorClusteringEnabled:0]]
[2020.02.01-02.00.03:702][  0]LogConfig: Setting CVar [[gc.BlueprintClusteringEnabled:0]]
[2020.02.01-02.00.03:702][  0]LogConfig: Setting CVar [[gc.UseDisregardForGCOnDedicatedServers:0]]
[2020.02.01-02.00.03:702][  0]LogConfig: Applying CVar settings from Section [/Script/Engine.NetworkSettings] File [D:/SpaceCoop/SpaceCoop/Saved/Config/Windows/Engine.ini]
[2020.02.01-02.00.03:702][  0]LogConfig: Applying CVar settings from Section [/Script/UnrealEd.CookerSettings] File [D:/SpaceCoop/SpaceCoop/Saved/Config/Windows/Engine.ini]
[2020.02.01-02.00.03:707][  0]LogConfig: Applying CVar settings from Section [ViewDistanceQuality@3] File [D:/SpaceCoop/SpaceCoop/Saved/Config/Windows/Scalability.ini]
[2020.02.01-02.00.03:707][  0]LogConfig: Setting CVar [[r.SkeletalMeshLODBias:0]]
[2020.02.01-02.00.03:707][  0]LogConfig: Setting CVar [[r.ViewDistanceScale:1.0]]
[2020.02.01-02.00.03:707][  0]LogConfig: Applying CVar settings from Section [AntiAliasingQuality@3] File [D:/SpaceCoop/SpaceCoop/Saved/Config/Windows/Scalability.ini]
[2020.02.01-02.00.03:707][  0]LogConfig: Setting CVar [[r.PostProcessAAQuality:4]]
[2020.02.01-02.00.03:707][  0]LogConfig: Applying CVar settings from Section [ShadowQuality@3] File [D:/SpaceCoop/SpaceCoop/Saved/Config/Windows/Scalability.ini]
[2020.02.01-02.00.03:707][  0]LogConfig: Setting CVar [[r.LightFunctionQuality:1]]
[2020.02.01-02.00.03:707][  0]LogConfig: Setting CVar [[r.ShadowQuality:5]]
[2020.02.01-02.00.03:707][  0]LogConfig: Setting CVar [[r.Shadow.CSM.MaxCascades:10]]
[2020.02.01-02.00.03:707][  0]LogConfig: Setting CVar [[r.Shadow.MaxResolution:2048]]
[2020.02.01-02.00.03:707][  0]LogConfig: Setting CVar [[r.Shadow.MaxCSMResolution:2048]]
[2020.02.01-02.00.03:707][  0]LogConfig: Setting CVar [[r.Shadow.RadiusThreshold:0.01]]
[2020.02.01-02.00.03:707][  0]LogConfig: Setting CVar [[r.Shadow.DistanceScale:1.0]]
[2020.02.01-02.00.03:707][  0]LogConfig: Setting CVar [[r.Shadow.CSM.TransitionScale:1.0]]
[2020.02.01-02.00.03:707][  0]LogConfig: Setting CVar [[r.Shadow.PreShadowResolutionFactor:1.0]]
[2020.02.01-02.00.03:707][  0]LogConfig: Setting CVar [[r.DistanceFieldShadowing:1]]
[2020.02.01-02.00.03:707][  0]LogConfig: Setting CVar [[r.DistanceFieldAO:1]]
[2020.02.01-02.00.03:707][  0]LogConfig: Setting CVar [[r.AOQuality:2]]
[2020.02.01-02.00.03:707][  0]LogConfig: Setting CVar [[r.VolumetricFog:1]]
[2020.02.01-02.00.03:707][  0]LogConfig: Setting CVar [[r.VolumetricFog.GridPixelSize:8]]
[2020.02.01-02.00.03:707][  0]LogConfig: Setting CVar [[r.VolumetricFog.GridSizeZ:128]]
[2020.02.01-02.00.03:707][  0]LogConfig: Setting CVar [[r.VolumetricFog.HistoryMissSupersampleCount:4]]
[2020.02.01-02.00.03:707][  0]LogConfig: Setting CVar [[r.LightMaxDrawDistanceScale:1]]
[2020.02.01-02.00.03:707][  0]LogConfig: Setting CVar [[r.CapsuleShadows:1]]
[2020.02.01-02.00.03:707][  0]LogConfig: Applying CVar settings from Section [PostProcessQuality@3] File [D:/SpaceCoop/SpaceCoop/Saved/Config/Windows/Scalability.ini]
[2020.02.01-02.00.03:707][  0]LogConfig: Setting CVar [[r.MotionBlurQuality:4]]
[2020.02.01-02.00.03:707][  0]LogConfig: Setting CVar [[r.AmbientOcclusionMipLevelFactor:0.4]]
[2020.02.01-02.00.03:707][  0]LogConfig: Setting CVar [[r.AmbientOcclusionMaxQuality:100]]
[2020.02.01-02.00.03:707][  0]LogConfig: Setting CVar [[r.AmbientOcclusionLevels:-1]]
[2020.02.01-02.00.03:707][  0]LogConfig: Setting CVar [[r.AmbientOcclusionRadiusScale:1.0]]
[2020.02.01-02.00.03:707][  0]LogConfig: Setting CVar [[r.DepthOfFieldQuality:2]]
[2020.02.01-02.00.03:707][  0]LogConfig: Setting CVar [[r.RenderTargetPoolMin:400]]
[2020.02.01-02.00.03:707][  0]LogConfig: Setting CVar [[r.LensFlareQuality:2]]
[2020.02.01-02.00.03:707][  0]LogConfig: Setting CVar [[r.SceneColorFringeQuality:1]]
[2020.02.01-02.00.03:707][  0]LogConfig: Setting CVar [[r.EyeAdaptationQuality:2]]
[2020.02.01-02.00.03:707][  0]LogConfig: Setting CVar [[r.BloomQuality:5]]
[2020.02.01-02.00.03:707][  0]LogConfig: Setting CVar [[r.FastBlurThreshold:100]]
[2020.02.01-02.00.03:707][  0]LogConfig: Setting CVar [[r.Upscale.Quality:3]]
[2020.02.01-02.00.03:707][  0]LogConfig: Setting CVar [[r.Tonemapper.GrainQuantization:1]]
[2020.02.01-02.00.03:707][  0]LogConfig: Setting CVar [[r.LightShaftQuality:1]]
[2020.02.01-02.00.03:707][  0]LogConfig: Setting CVar [[r.Filter.SizeScale:1]]
[2020.02.01-02.00.03:707][  0]LogConfig: Setting CVar [[r.Tonemapper.Quality:5]]
[2020.02.01-02.00.03:708][  0]LogConfig: Setting CVar [[r.DOF.Gather.AccumulatorQuality:1        ; higher gathering accumulator quality]]
[2020.02.01-02.00.03:708][  0]LogConfig: Setting CVar [[r.DOF.Gather.PostfilterMethod:1          ; Median3x3 postfilering method]]
[2020.02.01-02.00.03:708][  0]LogConfig: Setting CVar [[r.DOF.Gather.EnableBokehSettings:0       ; no bokeh simulation when gathering]]
[2020.02.01-02.00.03:708][  0]LogConfig: Setting CVar [[r.DOF.Gather.RingCount:4                 ; medium number of samples when gathering]]
[2020.02.01-02.00.03:708][  0]LogConfig: Setting CVar [[r.DOF.Scatter.ForegroundCompositing:1    ; additive foreground scattering]]
[2020.02.01-02.00.03:708][  0]LogConfig: Setting CVar [[r.DOF.Scatter.BackgroundCompositing:2    ; additive background scattering]]
[2020.02.01-02.00.03:708][  0]LogConfig: Setting CVar [[r.DOF.Scatter.EnableBokehSettings:1      ; bokeh simulation when scattering]]
[2020.02.01-02.00.03:708][  0]LogConfig: Setting CVar [[r.DOF.Scatter.MaxSpriteRatio:0.1         ; only a maximum of 10% of scattered bokeh]]
[2020.02.01-02.00.03:708][  0]LogConfig: Setting CVar [[r.DOF.Recombine.Quality:1                ; cheap slight out of focus]]
[2020.02.01-02.00.03:708][  0]LogConfig: Setting CVar [[r.DOF.Recombine.EnableBokehSettings:0    ; no bokeh simulation on slight out of focus]]
[2020.02.01-02.00.03:708][  0]LogConfig: Setting CVar [[r.DOF.TemporalAAQuality:1                ; more stable temporal accumulation]]
[2020.02.01-02.00.03:708][  0]LogConfig: Setting CVar [[r.DOF.Kernel.MaxForegroundRadius:0.025]]
[2020.02.01-02.00.03:708][  0]LogConfig: Setting CVar [[r.DOF.Kernel.MaxBackgroundRadius:0.025]]
[2020.02.01-02.00.03:708][  0]LogConfig: Applying CVar settings from Section [TextureQuality@3] File [D:/SpaceCoop/SpaceCoop/Saved/Config/Windows/Scalability.ini]
[2020.02.01-02.00.03:708][  0]LogConfig: Setting CVar [[r.Streaming.MipBias:0]]
[2020.02.01-02.00.03:708][  0]LogConfig: Setting CVar [[r.Streaming.AmortizeCPUToGPUCopy:0]]
[2020.02.01-02.00.03:708][  0]LogConfig: Setting CVar [[r.Streaming.MaxNumTexturesToStreamPerFrame:0]]
[2020.02.01-02.00.03:708][  0]LogConfig: Setting CVar [[r.Streaming.Boost:1]]
[2020.02.01-02.00.03:708][  0]LogConfig: Setting CVar [[r.MaxAnisotropy:8]]
[2020.02.01-02.00.03:708][  0]LogConfig: Setting CVar [[r.Streaming.LimitPoolSizeToVRAM:0]]
[2020.02.01-02.00.03:708][  0]LogConfig: Setting CVar [[r.Streaming.PoolSize:1000]]
[2020.02.01-02.00.03:708][  0]LogConfig: Setting CVar [[r.Streaming.MaxEffectiveScreenSize:0]]
[2020.02.01-02.00.03:708][  0]LogConfig: Applying CVar settings from Section [EffectsQuality@3] File [D:/SpaceCoop/SpaceCoop/Saved/Config/Windows/Scalability.ini]
[2020.02.01-02.00.03:708][  0]LogConfig: Setting CVar [[r.TranslucencyLightingVolumeDim:64]]
[2020.02.01-02.00.03:708][  0]LogConfig: Setting CVar [[r.RefractionQuality:2]]
[2020.02.01-02.00.03:708][  0]LogConfig: Setting CVar [[r.SSR.Quality:3]]
[2020.02.01-02.00.03:708][  0]LogConfig: Setting CVar [[r.SceneColorFormat:4]]
[2020.02.01-02.00.03:708][  0]LogConfig: Setting CVar [[r.DetailMode:2]]
[2020.02.01-02.00.03:708][  0]LogConfig: Setting CVar [[r.TranslucencyVolumeBlur:1]]
[2020.02.01-02.00.03:708][  0]LogConfig: Setting CVar [[r.MaterialQualityLevel:1 ; High quality]]
[2020.02.01-02.00.03:708][  0]LogConfig: Setting CVar [[r.SSS.Scale:1]]
[2020.02.01-02.00.03:708][  0]LogConfig: Setting CVar [[r.SSS.SampleSet:2]]
[2020.02.01-02.00.03:708][  0]LogConfig: Setting CVar [[r.SSS.Quality:1]]
[2020.02.01-02.00.03:708][  0]LogConfig: Setting CVar [[r.SSS.HalfRes:1]]
[2020.02.01-02.00.03:708][  0]LogConfig: Setting CVar [[r.EmitterSpawnRateScale:1.0]]
[2020.02.01-02.00.03:708][  0]LogConfig: Setting CVar [[r.ParticleLightQuality:2]]
[2020.02.01-02.00.03:708][  0]LogConfig: Applying CVar settings from Section [FoliageQuality@3] File [D:/SpaceCoop/SpaceCoop/Saved/Config/Windows/Scalability.ini]
[2020.02.01-02.00.03:708][  0]LogConfig: Setting CVar [[foliage.DensityScale:1.0]]
[2020.02.01-02.00.03:708][  0]LogConfig: Setting CVar [[grass.DensityScale:1.0]]
[2020.02.01-02.00.03:708][  0]LogInit: Selected Device Profile: [Windows]
[2020.02.01-02.00.03:708][  0]LogInit: Applying CVar settings loaded from the selected device profile: [Windows]
[2020.02.01-02.00.03:716][  0]LogHAL: Display: Platform has ~ 32 GB [34271932416 / 34359738368 / 32], which maps to Largest [LargestMinGB=32, LargerMinGB=12, DefaultMinGB=8, SmallerMinGB=6, SmallestMinGB=0)
[2020.02.01-02.00.03:716][  0]LogInit: Going up to parent DeviceProfile []
[2020.02.01-02.00.03:716][  0]LogConfig: Applying CVar settings from Section [ViewDistanceQuality@3] File [D:/SpaceCoop/SpaceCoop/Saved/Config/Windows/Scalability.ini]
[2020.02.01-02.00.03:716][  0]LogConfig: Setting CVar [[r.SkeletalMeshLODBias:0]]
[2020.02.01-02.00.03:716][  0]LogConfig: Setting CVar [[r.ViewDistanceScale:1.0]]
[2020.02.01-02.00.03:716][  0]LogConfig: Applying CVar settings from Section [AntiAliasingQuality@3] File [D:/SpaceCoop/SpaceCoop/Saved/Config/Windows/Scalability.ini]
[2020.02.01-02.00.03:716][  0]LogConfig: Setting CVar [[r.PostProcessAAQuality:4]]
[2020.02.01-02.00.03:716][  0]LogConfig: Applying CVar settings from Section [ShadowQuality@3] File [D:/SpaceCoop/SpaceCoop/Saved/Config/Windows/Scalability.ini]
[2020.02.01-02.00.03:716][  0]LogConfig: Setting CVar [[r.LightFunctionQuality:1]]
[2020.02.01-02.00.03:716][  0]LogConfig: Setting CVar [[r.ShadowQuality:5]]
[2020.02.01-02.00.03:716][  0]LogConfig: Setting CVar [[r.Shadow.CSM.MaxCascades:10]]
[2020.02.01-02.00.03:716][  0]LogConfig: Setting CVar [[r.Shadow.MaxResolution:2048]]
[2020.02.01-02.00.03:716][  0]LogConfig: Setting CVar [[r.Shadow.MaxCSMResolution:2048]]
[2020.02.01-02.00.03:716][  0]LogConfig: Setting CVar [[r.Shadow.RadiusThreshold:0.01]]
[2020.02.01-02.00.03:716][  0]LogConfig: Setting CVar [[r.Shadow.DistanceScale:1.0]]
[2020.02.01-02.00.03:716][  0]LogConfig: Setting CVar [[r.Shadow.CSM.TransitionScale:1.0]]
[2020.02.01-02.00.03:716][  0]LogConfig: Setting CVar [[r.Shadow.PreShadowResolutionFactor:1.0]]
[2020.02.01-02.00.03:716][  0]LogConfig: Setting CVar [[r.DistanceFieldShadowing:1]]
[2020.02.01-02.00.03:716][  0]LogConfig: Setting CVar [[r.DistanceFieldAO:1]]
[2020.02.01-02.00.03:716][  0]LogConfig: Setting CVar [[r.AOQuality:2]]
[2020.02.01-02.00.03:716][  0]LogConfig: Setting CVar [[r.VolumetricFog:1]]
[2020.02.01-02.00.03:716][  0]LogConfig: Setting CVar [[r.VolumetricFog.GridPixelSize:8]]
[2020.02.01-02.00.03:716][  0]LogConfig: Setting CVar [[r.VolumetricFog.GridSizeZ:128]]
[2020.02.01-02.00.03:716][  0]LogConfig: Setting CVar [[r.VolumetricFog.HistoryMissSupersampleCount:4]]
[2020.02.01-02.00.03:716][  0]LogConfig: Setting CVar [[r.LightMaxDrawDistanceScale:1]]
[2020.02.01-02.00.03:716][  0]LogConfig: Setting CVar [[r.CapsuleShadows:1]]
[2020.02.01-02.00.03:716][  0]LogConfig: Applying CVar settings from Section [PostProcessQuality@3] File [D:/SpaceCoop/SpaceCoop/Saved/Config/Windows/Scalability.ini]
[2020.02.01-02.00.03:716][  0]LogConfig: Setting CVar [[r.MotionBlurQuality:4]]
[2020.02.01-02.00.03:716][  0]LogConfig: Setting CVar [[r.AmbientOcclusionMipLevelFactor:0.4]]
[2020.02.01-02.00.03:716][  0]LogConfig: Setting CVar [[r.AmbientOcclusionMaxQuality:100]]
[2020.02.01-02.00.03:716][  0]LogConfig: Setting CVar [[r.AmbientOcclusionLevels:-1]]
[2020.02.01-02.00.03:716][  0]LogConfig: Setting CVar [[r.AmbientOcclusionRadiusScale:1.0]]
[2020.02.01-02.00.03:716][  0]LogConfig: Setting CVar [[r.DepthOfFieldQuality:2]]
[2020.02.01-02.00.03:716][  0]LogConfig: Setting CVar [[r.RenderTargetPoolMin:400]]
[2020.02.01-02.00.03:716][  0]LogConfig: Setting CVar [[r.LensFlareQuality:2]]
[2020.02.01-02.00.03:716][  0]LogConfig: Setting CVar [[r.SceneColorFringeQuality:1]]
[2020.02.01-02.00.03:716][  0]LogConfig: Setting CVar [[r.EyeAdaptationQuality:2]]
[2020.02.01-02.00.03:716][  0]LogConfig: Setting CVar [[r.BloomQuality:5]]
[2020.02.01-02.00.03:716][  0]LogConfig: Setting CVar [[r.FastBlurThreshold:100]]
[2020.02.01-02.00.03:716][  0]LogConfig: Setting CVar [[r.Upscale.Quality:3]]
[2020.02.01-02.00.03:716][  0]LogConfig: Setting CVar [[r.Tonemapper.GrainQuantization:1]]
[2020.02.01-02.00.03:716][  0]LogConfig: Setting CVar [[r.LightShaftQuality:1]]
[2020.02.01-02.00.03:716][  0]LogConfig: Setting CVar [[r.Filter.SizeScale:1]]
[2020.02.01-02.00.03:716][  0]LogConfig: Setting CVar [[r.Tonemapper.Quality:5]]
[2020.02.01-02.00.03:716][  0]LogConfig: Setting CVar [[r.DOF.Gather.AccumulatorQuality:1        ; higher gathering accumulator quality]]
[2020.02.01-02.00.03:716][  0]LogConfig: Setting CVar [[r.DOF.Gather.PostfilterMethod:1          ; Median3x3 postfilering method]]
[2020.02.01-02.00.03:716][  0]LogConfig: Setting CVar [[r.DOF.Gather.EnableBokehSettings:0       ; no bokeh simulation when gathering]]
[2020.02.01-02.00.03:716][  0]LogConfig: Setting CVar [[r.DOF.Gather.RingCount:4                 ; medium number of samples when gathering]]
[2020.02.01-02.00.03:716][  0]LogConfig: Setting CVar [[r.DOF.Scatter.ForegroundCompositing:1    ; additive foreground scattering]]
[2020.02.01-02.00.03:716][  0]LogConfig: Setting CVar [[r.DOF.Scatter.BackgroundCompositing:2    ; additive background scattering]]
[2020.02.01-02.00.03:716][  0]LogConfig: Setting CVar [[r.DOF.Scatter.EnableBokehSettings:1      ; bokeh simulation when scattering]]
[2020.02.01-02.00.03:717][  0]LogConfig: Setting CVar [[r.DOF.Scatter.MaxSpriteRatio:0.1         ; only a maximum of 10% of scattered bokeh]]
[2020.02.01-02.00.03:717][  0]LogConfig: Setting CVar [[r.DOF.Recombine.Quality:1                ; cheap slight out of focus]]
[2020.02.01-02.00.03:717][  0]LogConfig: Setting CVar [[r.DOF.Recombine.EnableBokehSettings:0    ; no bokeh simulation on slight out of focus]]
[2020.02.01-02.00.03:717][  0]LogConfig: Setting CVar [[r.DOF.TemporalAAQuality:1                ; more stable temporal accumulation]]
[2020.02.01-02.00.03:717][  0]LogConfig: Setting CVar [[r.DOF.Kernel.MaxForegroundRadius:0.025]]
[2020.02.01-02.00.03:717][  0]LogConfig: Setting CVar [[r.DOF.Kernel.MaxBackgroundRadius:0.025]]
[2020.02.01-02.00.03:717][  0]LogConfig: Applying CVar settings from Section [TextureQuality@3] File [D:/SpaceCoop/SpaceCoop/Saved/Config/Windows/Scalability.ini]
[2020.02.01-02.00.03:717][  0]LogConfig: Setting CVar [[r.Streaming.MipBias:0]]
[2020.02.01-02.00.03:717][  0]LogConfig: Setting CVar [[r.Streaming.AmortizeCPUToGPUCopy:0]]
[2020.02.01-02.00.03:717][  0]LogConfig: Setting CVar [[r.Streaming.MaxNumTexturesToStreamPerFrame:0]]
[2020.02.01-02.00.03:717][  0]LogConfig: Setting CVar [[r.Streaming.Boost:1]]
[2020.02.01-02.00.03:717][  0]LogConfig: Setting CVar [[r.MaxAnisotropy:8]]
[2020.02.01-02.00.03:717][  0]LogConfig: Setting CVar [[r.Streaming.LimitPoolSizeToVRAM:0]]
[2020.02.01-02.00.03:717][  0]LogConfig: Setting CVar [[r.Streaming.PoolSize:1000]]
[2020.02.01-02.00.03:717][  0]LogConfig: Setting CVar [[r.Streaming.MaxEffectiveScreenSize:0]]
[2020.02.01-02.00.03:717][  0]LogConfig: Applying CVar settings from Section [EffectsQuality@3] File [D:/SpaceCoop/SpaceCoop/Saved/Config/Windows/Scalability.ini]
[2020.02.01-02.00.03:717][  0]LogConfig: Setting CVar [[r.TranslucencyLightingVolumeDim:64]]
[2020.02.01-02.00.03:717][  0]LogConfig: Setting CVar [[r.RefractionQuality:2]]
[2020.02.01-02.00.03:717][  0]LogConfig: Setting CVar [[r.SSR.Quality:3]]
[2020.02.01-02.00.03:717][  0]LogConfig: Setting CVar [[r.SceneColorFormat:4]]
[2020.02.01-02.00.03:717][  0]LogConfig: Setting CVar [[r.DetailMode:2]]
[2020.02.01-02.00.03:717][  0]LogConfig: Setting CVar [[r.TranslucencyVolumeBlur:1]]
[2020.02.01-02.00.03:717][  0]LogConfig: Setting CVar [[r.MaterialQualityLevel:1 ; High quality]]
[2020.02.01-02.00.03:717][  0]LogConfig: Setting CVar [[r.SSS.Scale:1]]
[2020.02.01-02.00.03:717][  0]LogConfig: Setting CVar [[r.SSS.SampleSet:2]]
[2020.02.01-02.00.03:717][  0]LogConfig: Setting CVar [[r.SSS.Quality:1]]
[2020.02.01-02.00.03:717][  0]LogConfig: Setting CVar [[r.SSS.HalfRes:1]]
[2020.02.01-02.00.03:717][  0]LogConfig: Setting CVar [[r.EmitterSpawnRateScale:1.0]]
[2020.02.01-02.00.03:717][  0]LogConfig: Setting CVar [[r.ParticleLightQuality:2]]
[2020.02.01-02.00.03:717][  0]LogConfig: Applying CVar settings from Section [FoliageQuality@3] File [D:/SpaceCoop/SpaceCoop/Saved/Config/Windows/Scalability.ini]
[2020.02.01-02.00.03:717][  0]LogConfig: Setting CVar [[foliage.DensityScale:1.0]]
[2020.02.01-02.00.03:717][  0]LogConfig: Setting CVar [[grass.DensityScale:1.0]]
[2020.02.01-02.00.03:717][  0]LogConfig: Applying CVar settings from Section [Startup] File [../../../Engine/Config/ConsoleVariables.ini]
[2020.02.01-02.00.03:720][  0]LogConfig: Setting CVar [[net.UseAdaptiveNetUpdateFrequency:0]]
[2020.02.01-02.00.03:720][  0]LogConfig: Setting CVar [[p.chaos.AllowCreatePhysxBodies:1]]
[2020.02.01-02.00.03:720][  0]LogConfig: Applying CVar settings from Section [ConsoleVariables] File [D:/SpaceCoop/SpaceCoop/Saved/Config/Windows/Engine.ini]
[2020.02.01-02.00.03:720][  0]LogInit: Computer: DMC-R106-11
[2020.02.01-02.00.03:720][  0]LogInit: User: dandre24
[2020.02.01-02.00.03:720][  0]LogInit: CPU Page size=4096, Cores=6
[2020.02.01-02.00.03:720][  0]LogInit: High frequency timer resolution =10.000000 MHz
[2020.02.01-02.00.03:720][  0]LogMemory: Memory total: Physical=31.9GB (32GB approx)
[2020.02.01-02.00.03:720][  0]LogMemory: Platform Memory Stats for Windows
[2020.02.01-02.00.03:720][  0]LogMemory: Process Physical Memory: 105.56 MB used, 105.57 MB peak
[2020.02.01-02.00.03:720][  0]LogMemory: Process Virtual Memory: 92.79 MB used, 92.79 MB peak
[2020.02.01-02.00.03:720][  0]LogMemory: Physical Memory: 6812.75 MB used,  25871.51 MB free, 32684.26 MB total
[2020.02.01-02.00.03:720][  0]LogMemory: Virtual Memory: 4710.87 MB used,  134213016.00 MB free, 134217728.00 MB total
[2020.02.01-02.00.03:725][  0]LogWindows: WindowsPlatformFeatures enabled
[2020.02.01-02.00.03:767][  0]LogInit: Using OS detected language (en-US).
[2020.02.01-02.00.03:767][  0]LogInit: Using OS detected locale (en-US).
[2020.02.01-02.00.03:768][  0]LogTextLocalizationManager: No specific localization for 'en-US' exists, so the 'en' localization will be used.
[2020.02.01-02.00.03:958][  0]LogInit: Setting process to per monitor DPI aware
[2020.02.01-02.00.04:011][  0]LogSlate: New Slate User Created.  User Index 0, Is Virtual User: 0
[2020.02.01-02.00.04:011][  0]LogSlate: Slate User Registered.  User Index 0, Is Virtual User: 0
[2020.02.01-02.00.05:310][  0]LogHMD: Failed to initialize OpenVR with code 110
[2020.02.01-02.00.05:310][  0]LogD3D11RHI: D3D11 adapters:
[2020.02.01-02.00.05:392][  0]LogD3D11RHI:    0. 'NVIDIA Quadro M4000' (Feature Level 11_0)
[2020.02.01-02.00.05:392][  0]LogD3D11RHI:       8144/0/16342 MB DedicatedVideo/DedicatedSystem/SharedSystem, Outputs:1, VendorId:0x10de
[2020.02.01-02.00.05:395][  0]LogD3D11RHI:    1. 'Microsoft Basic Render Driver' (Feature Level 11_0)
[2020.02.01-02.00.05:395][  0]LogD3D11RHI:       0/0/16342 MB DedicatedVideo/DedicatedSystem/SharedSystem, Outputs:0, VendorId:0x1414
[2020.02.01-02.00.05:395][  0]LogD3D11RHI: Chosen D3D11 Adapter: 0
[2020.02.01-02.00.05:402][  0]LogD3D11RHI: Creating new Direct3DDevice
[2020.02.01-02.00.05:402][  0]LogD3D11RHI:     GPU DeviceId: 0x13f1 (for the marketing name, search the web for "GPU Device Id")
[2020.02.01-02.00.05:402][  0]LogWindows: EnumDisplayDevices:
[2020.02.01-02.00.05:402][  0]LogWindows:    0. 'NVIDIA Quadro M4000' (P:1 D:1)
[2020.02.01-02.00.05:403][  0]LogWindows:    1. 'NVIDIA Quadro M4000' (P:0 D:0)
[2020.02.01-02.00.05:404][  0]LogWindows:    2. 'NVIDIA Quadro M4000' (P:0 D:0)
[2020.02.01-02.00.05:404][  0]LogWindows:    3. 'NVIDIA Quadro M4000' (P:0 D:0)
[2020.02.01-02.00.05:404][  0]LogWindows: DebugString: FoundDriverCount:4 
[2020.02.01-02.00.05:404][  0]LogD3D11RHI:     Adapter Name: NVIDIA Quadro M4000
[2020.02.01-02.00.05:404][  0]LogD3D11RHI:   Driver Version: 441.66 (internal:26.21.14.4166, unified:441.66)
[2020.02.01-02.00.05:404][  0]LogD3D11RHI:      Driver Date: 12-6-2019
[2020.02.01-02.00.05:404][  0]LogRHI: Texture pool is 5701 MB (70% of 8144 MB)
[2020.02.01-02.00.05:454][  0]LogD3D11RHI: Async texture creation enabled
[2020.02.01-02.00.05:466][  0]LogD3D11RHI: GPU Timing Frequency: 1000.000000 (Debug: 2 1)
[2020.02.01-02.00.05:903][  0]LogTemp: Display: Module 'AllDesktopTargetPlatform' loaded TargetPlatform 'AllDesktop'
[2020.02.01-02.00.05:915][  0]LogTemp: Display: Module 'MacClientTargetPlatform' loaded TargetPlatform 'MacClient'
[2020.02.01-02.00.05:926][  0]LogTemp: Display: Module 'MacNoEditorTargetPlatform' loaded TargetPlatform 'MacNoEditor'
[2020.02.01-02.00.05:938][  0]LogTemp: Display: Module 'MacServerTargetPlatform' loaded TargetPlatform 'MacServer'
[2020.02.01-02.00.05:953][  0]LogTemp: Display: Module 'MacTargetPlatform' loaded TargetPlatform 'Mac'
[2020.02.01-02.00.05:965][  0]LogTemp: Display: Module 'WindowsClientTargetPlatform' loaded TargetPlatform 'WindowsClient'
[2020.02.01-02.00.05:975][  0]LogTemp: Display: Module 'WindowsNoEditorTargetPlatform' loaded TargetPlatform 'WindowsNoEditor'
[2020.02.01-02.00.05:989][  0]LogTemp: Display: Module 'WindowsServerTargetPlatform' loaded TargetPlatform 'WindowsServer'
[2020.02.01-02.00.05:996][  0]LogTemp: Display: Module 'WindowsTargetPlatform' loaded TargetPlatform 'Windows'
[2020.02.01-02.00.06:034][  0]LogTemp: Display: Module 'AndroidTargetPlatform' loaded TargetPlatform 'Android'
[2020.02.01-02.00.06:034][  0]LogTemp: Display: Module 'AndroidTargetPlatform' loaded TargetPlatform 'Android_ASTC'
[2020.02.01-02.00.06:034][  0]LogTemp: Display: Module 'AndroidTargetPlatform' loaded TargetPlatform 'Android_ATC'
[2020.02.01-02.00.06:034][  0]LogTemp: Display: Module 'AndroidTargetPlatform' loaded TargetPlatform 'Android_DXT'
[2020.02.01-02.00.06:034][  0]LogTemp: Display: Module 'AndroidTargetPlatform' loaded TargetPlatform 'Android_ETC1'
[2020.02.01-02.00.06:034][  0]LogTemp: Display: Module 'AndroidTargetPlatform' loaded TargetPlatform 'Android_ETC1a'
[2020.02.01-02.00.06:034][  0]LogTemp: Display: Module 'AndroidTargetPlatform' loaded TargetPlatform 'Android_ETC2'
[2020.02.01-02.00.06:034][  0]LogTemp: Display: Module 'AndroidTargetPlatform' loaded TargetPlatform 'Android_PVRTC'
[2020.02.01-02.00.06:034][  0]LogTemp: Display: Module 'AndroidTargetPlatform' loaded TargetPlatform 'AndroidClient'
[2020.02.01-02.00.06:034][  0]LogTemp: Display: Module 'AndroidTargetPlatform' loaded TargetPlatform 'Android_ASTCClient'
[2020.02.01-02.00.06:034][  0]LogTemp: Display: Module 'AndroidTargetPlatform' loaded TargetPlatform 'Android_ATCClient'
[2020.02.01-02.00.06:034][  0]LogTemp: Display: Module 'AndroidTargetPlatform' loaded TargetPlatform 'Android_DXTClient'
[2020.02.01-02.00.06:034][  0]LogTemp: Display: Module 'AndroidTargetPlatform' loaded TargetPlatform 'Android_ETC1Client'
[2020.02.01-02.00.06:034][  0]LogTemp: Display: Module 'AndroidTargetPlatform' loaded TargetPlatform 'Android_ETC1aClient'
[2020.02.01-02.00.06:034][  0]LogTemp: Display: Module 'AndroidTargetPlatform' loaded TargetPlatform 'Android_ETC2Client'
[2020.02.01-02.00.06:034][  0]LogTemp: Display: Module 'AndroidTargetPlatform' loaded TargetPlatform 'Android_PVRTCClient'
[2020.02.01-02.00.06:034][  0]LogTemp: Display: Module 'AndroidTargetPlatform' loaded TargetPlatform 'Android_Multi'
[2020.02.01-02.00.06:034][  0]LogTemp: Display: Module 'AndroidTargetPlatform' loaded TargetPlatform 'Android_MultiClient'
[2020.02.01-02.00.06:037][  0]LogTemp: Display: Module 'HTML5TargetPlatform' loaded TargetPlatform 'HTML5'
[2020.02.01-02.00.06:065][  0]LogTemp: Display: Module 'IOSTargetPlatform' loaded TargetPlatform 'IOSClient'
[2020.02.01-02.00.06:065][  0]LogTemp: Display: Module 'IOSTargetPlatform' loaded TargetPlatform 'IOS'
[2020.02.01-02.00.06:083][  0]LogTemp: Display: Module 'TVOSTargetPlatform' loaded TargetPlatform 'TVOSClient'
[2020.02.01-02.00.06:083][  0]LogTemp: Display: Module 'TVOSTargetPlatform' loaded TargetPlatform 'TVOS'
[2020.02.01-02.00.06:093][  0]LogTemp: Display: Module 'LinuxClientTargetPlatform' loaded TargetPlatform 'LinuxClient'
[2020.02.01-02.00.06:102][  0]LogTemp: Display: Module 'LinuxNoEditorTargetPlatform' loaded TargetPlatform 'LinuxNoEditor'
[2020.02.01-02.00.06:111][  0]LogTemp: Display: Module 'LinuxServerTargetPlatform' loaded TargetPlatform 'LinuxServer'
[2020.02.01-02.00.06:124][  0]LogTemp: Display: Module 'LinuxTargetPlatform' loaded TargetPlatform 'Linux'
[2020.02.01-02.00.06:159][  0]LogTemp: Display: Module 'LuminTargetPlatform' loaded TargetPlatform 'Lumin'
[2020.02.01-02.00.06:159][  0]LogTemp: Display: Module 'LuminTargetPlatform' loaded TargetPlatform 'LuminClient'
[2020.02.01-02.00.06:159][  0]LogTargetPlatformManager: Display: Building Assets For Windows
[2020.02.01-02.00.06:177][  0]LogAudioDebug: Display: Lib vorbis DLL was dynamically loaded.
[2020.02.01-02.00.06:257][  0]LogShaderCompilers: Guid format shader working directory is 26 characters bigger than the processId version (D:/SpaceCoop/SpaceCoop/Intermediate/Shaders/WorkingDirectory/17836/).
[2020.02.01-02.00.06:257][  0]LogShaderCompilers: Cleaned the shader compiler working directory 'C:/Users/dandre24/AppData/Local/Temp/UnrealShaderWorkingDir/B276FE394077CF1E31544F81CAC945D4/'.
[2020.02.01-02.00.06:262][  0]LogXGEController: Cannot use XGE Controller as Incredibuild is not installed on this machine.
[2020.02.01-02.00.06:262][  0]LogShaderCompilers: Cannot use XGE Shader Compiler as Incredibuild is not installed on this machine.
[2020.02.01-02.00.06:262][  0]LogShaderCompilers: Display: Using Local Shader Compiler.
[2020.02.01-02.00.07:948][  0]LogDerivedDataCache: Display: Max Cache Size: 512 MB
[2020.02.01-02.00.08:005][  0]LogDerivedDataCache: Loaded boot cache 0.06s 74MB C:/Users/dandre24/AppData/Local/UnrealEngine/4.23/DerivedDataCache/Boot.ddc.
[2020.02.01-02.00.08:005][  0]LogDerivedDataCache: Display: Loaded Boot cache: C:/Users/dandre24/AppData/Local/UnrealEngine/4.23/DerivedDataCache/Boot.ddc
[2020.02.01-02.00.08:005][  0]LogDerivedDataCache: FDerivedDataBackendGraph:  Pak pak cache file D:/SpaceCoop/SpaceCoop/DerivedDataCache/DDC.ddp not found, will not use a pak cache.
[2020.02.01-02.00.08:005][  0]LogDerivedDataCache: Unable to find inner node Pak for hierarchical cache Hierarchy.
[2020.02.01-02.00.08:005][  0]LogDerivedDataCache: FDerivedDataBackendGraph:  CompressedPak pak cache file D:/SpaceCoop/SpaceCoop/DerivedDataCache/Compressed.ddp not found, will not use a pak cache.
[2020.02.01-02.00.08:005][  0]LogDerivedDataCache: Unable to find inner node CompressedPak for hierarchical cache Hierarchy.
[2020.02.01-02.00.08:017][  0]LogDerivedDataCache: Display: Pak cache opened for reading ../../../Engine/DerivedDataCache/Compressed.ddp.
[2020.02.01-02.00.08:017][  0]LogDerivedDataCache: FDerivedDataBackendGraph:  EnterprisePak pak cache file ../../../Enterprise/DerivedDataCache/Compressed.ddp not found, will not use a pak cache.
[2020.02.01-02.00.08:017][  0]LogDerivedDataCache: Unable to find inner node EnterprisePak for hierarchical cache Hierarchy.
[2020.02.01-02.00.08:023][  0]LogDerivedDataCache: Using Local data cache path C:/Users/dandre24/AppData/Local/UnrealEngine/Common/DerivedDataCache: Writable
[2020.02.01-02.00.08:023][  0]LogDerivedDataCache: Shared data cache path not found in *engine.ini, will not use an Shared cache.
[2020.02.01-02.00.08:023][  0]LogDerivedDataCache: Unable to find inner node Shared for hierarchical cache Hierarchy.
[2020.02.01-02.00.08:045][  0]LogMaterial: Verifying Global Shaders for PCD3D_SM5
[2020.02.01-02.00.08:047][  0]LogSlate: Using FreeType 2.6.0
[2020.02.01-02.00.08:053][  0]LogSlate: SlateFontServices - WITH_FREETYPE: 1, WITH_HARFBUZZ: 1
[2020.02.01-02.00.08:359][  0]LogAssetRegistry: FAssetRegistry took 0.0030 seconds to start up
[2020.02.01-02.00.08:650][  0]LogInit: Selected Device Profile: [Windows]
[2020.02.01-02.00.08:844][  0]LogMeshReduction: Using QuadricMeshReduction for automatic static mesh reduction
[2020.02.01-02.00.08:844][  0]LogMeshReduction: Using SimplygonMeshReduction for automatic skeletal mesh reduction
[2020.02.01-02.00.08:844][  0]LogMeshReduction: Using ProxyLODMeshReduction for automatic mesh merging
[2020.02.01-02.00.08:844][  0]LogMeshReduction: No distributed automatic mesh merging module available
[2020.02.01-02.00.08:844][  0]LogMeshMerging: No distributed automatic mesh merging module available
[2020.02.01-02.00.08:859][  0]LogNetVersion: SpaceCoop 1.0.0, NetCL: 8386587, EngineNetVer: 11, GameNetVer: 0 (Checksum: 3912197713)
[2020.02.01-02.00.09:454][  0]LogPackageLocalizationCache: Processed 13 localized package path(s) for 1 prioritized culture(s) in 0.118934 seconds
[2020.02.01-02.00.09:461][  0]LogUObjectArray: 43444 objects as part of root set at end of initial load.
[2020.02.01-02.00.09:461][  0]LogUObjectAllocator: 7548648 out of 0 bytes used by permanent object pool.
[2020.02.01-02.00.09:461][  0]LogUObjectArray: CloseDisregardForGC: 0/0 objects in disregard for GC pool
[2020.02.01-02.00.12:955][  0]LogTcpMessaging: Initializing TcpMessaging bridge
[2020.02.01-02.00.12:959][  0]LogUdpMessaging: Initializing bridge on interface 0.0.0.0:0 to multicast group 230.0.0.1:6666.
[2020.02.01-02.00.13:045][  0]SourceControl: Source control is disabled
[2020.02.01-02.00.13:045][  0]SourceControl: Source control is disabled
[2020.02.01-02.00.13:047][  0]SourceControl: Source control is disabled
[2020.02.01-02.00.13:049][  0]SourceControl: Source control is disabled
[2020.02.01-02.00.13:221][  0]LogAndroidPermission: UAndroidPermissionCallbackProxy::GetInstance
[2020.02.01-02.00.13:369][  0]LogHoudiniEngine: Starting the Houdini Engine module.
[2020.02.01-02.00.13:370][  0]LogHoudiniEngine: Loaded libHAPIL.dll from Registry path C:/Program Files/Side Effects Software/Houdini 17.5.425/bin
[2020.02.01-02.00.13:371][  0]LogLinker: Warning: Asset '../../Plugins/Runtime/HoudiniEngine/Content/houdini_logo.uasset' has been saved with empty engine version. The asset will be loaded but may be incompatible.
[2020.02.01-02.00.13:373][  0]LogLinker: Warning: Asset '../../Plugins/Runtime/HoudiniEngine/Content/houdini_default_material.uasset' has been saved with empty engine version. The asset will be loaded but may be incompatible.
[2020.02.01-02.00.13:381][  0]LogLinker: Warning: Asset '../../Plugins/Runtime/HoudiniEngine/Content/houdini_bgeo_import.uasset' has been saved with empty engine version. The asset will be loaded but may be incompatible.
[2020.02.01-02.00.13:391][  0]LogOcInput: OculusInput pre-init called
[2020.02.01-02.00.13:399][  0]LogWindows: Failed to load 'OVRPlugin.dll' (GetLastError=126)
[2020.02.01-02.00.13:399][  0]LogWindows: File 'OVRPlugin.dll' does not exist
[2020.02.01-02.00.13:494][  0]LogEngine: Initializing Engine...
[2020.02.01-02.00.13:496][  0]LogHMD: Failed to initialize OpenVR with code 110
[2020.02.01-02.00.13:496][  0]LogStats: UGameplayTagsManager::InitializeManager -  0.000 s
[2020.02.01-02.00.13:737][  0]LogInit: Initializing FReadOnlyCVARCache
[2020.02.01-02.00.13:761][  0]LogAIModule: Creating AISystem for world Untitled
[2020.02.01-02.00.13:774][  0]LogInit: XAudio2 using 'Speakers (Realtek High Definition Audio)' : 2 channels at 48 kHz using 32 bits per sample (channel mask 0x3)
[2020.02.01-02.00.13:803][  0]LogInit: FAudioDevice initialized.
[2020.02.01-02.00.13:803][  0]LogNetVersion: Set ProjectVersion to 1.0.0.0. Version Checksum will be recalculated on next use.
[2020.02.01-02.00.13:885][  0]LogDerivedDataCache: Saved boot cache 0.08s 74MB C:/Users/dandre24/AppData/Local/UnrealEngine/4.23/DerivedDataCache/Boot.ddc.
[2020.02.01-02.00.13:887][  0]LogInit: Texture streaming: Enabled
[2020.02.01-02.00.13:921][  0]LogEngineSessionManager: EngineSessionManager initialized
[2020.02.01-02.00.13:921][  0]LogEditorSessionSummary: Verbose: Initializing EditorSessionSummaryWriter for editor session tracking
[2020.02.01-02.00.13:929][  0]LogEditorSessionSummary: EditorSessionSummaryWriter initialized
[2020.02.01-02.00.14:000][  0]LogInit: Transaction tracking system initialized
[2020.02.01-02.00.14:050][  0]BlueprintLog: New page: Editor Load
[2020.02.01-02.00.14:180][  0]LocalizationService: Localization service is disabled
[2020.02.01-02.00.14:466][  0]LogFileCache: Scanning file cache for directory 'D:/SpaceCoop/SpaceCoop/Content/' took 0.00s
[2020.02.01-02.00.14:466][  0]LogCook: Display: Max memory allowance for cook 16384mb min free memory 0mb
[2020.02.01-02.00.14:467][  0]LogCook: Display: Mobile HDR setting 1
[2020.02.01-02.00.14:695][  0]LogHoudiniEngineEditor: Starting the Houdini Engine Editor module.
[2020.02.01-02.00.14:700][  0]LogHoudiniEngineEditor: Houdini Engine Editor module startup complete.
[2020.02.01-02.00.14:837][  0]SourceControl: Source control is disabled
[2020.02.01-02.00.14:837][  0]Cmd: MAP LOAD FILE="D:/SpaceCoop/SpaceCoop/Content/Levels/Testing.umap" TEMPLATE=0 SHOWPROGRESS=1 FEATURELEVEL=3
[2020.02.01-02.00.14:838][  0]LightingResults: New page: Lighting Build
[2020.02.01-02.00.14:842][  0]LogWorld: UWorld::CleanupWorld for Untitled, bSessionEnded=true, bCleanupResources=true
[2020.02.01-02.00.14:842][  0]MapCheck: New page: Map Check
[2020.02.01-02.00.14:842][  0]LightingResults: New page: Lighting Build
[2020.02.01-02.00.14:869][  0]LogUObjectHash: Compacting FUObjectHashTables data took   1.56ms
[2020.02.01-02.00.14:954][  0]LogAIModule: Creating AISystem for world Testing
[2020.02.01-02.00.14:958][  0]LogEditorServer: Finished looking for orphan Actors (0.000 secs)
[2020.02.01-02.00.14:989][  0]LogUObjectHash: Compacting FUObjectHashTables data took   2.75ms
[2020.02.01-02.00.14:989][  0]Cmd: MAP CHECKDEP NOCLEARLOG
[2020.02.01-02.00.14:990][  0]MapCheck: Map check complete: 0 Error(s), 0 Warning(s), took 0.118ms to complete.
[2020.02.01-02.00.14:990][  0]LogFileHelpers: Loading map 'Testing' took 0.152
[2020.02.01-02.00.15:104][  0]LogSlate: Updating window title bar state: overlay mode, drag disabled, window buttons hidden, title bar hidden
[2020.02.01-02.00.15:112][  0]LogSlate: Updating window title bar state: overlay mode, drag disabled, window buttons hidden, title bar hidden
[2020.02.01-02.00.15:118][  0]LogSlate: Updating window title bar state: overlay mode, drag disabled, window buttons hidden, title bar hidden
[2020.02.01-02.00.15:123][  0]LogSlate: Updating window title bar state: overlay mode, drag disabled, window buttons hidden, title bar hidden
[2020.02.01-02.00.15:137][  0]LogCollectionManager: Loaded 0 collections in 0.003060 seconds
[2020.02.01-02.00.15:147][  0]LogFileCache: Scanning file cache for directory 'D:/SpaceCoop/SpaceCoop/Saved/Collections/' took 0.00s
[2020.02.01-02.00.15:147][  0]LogFileCache: Scanning file cache for directory 'D:/SpaceCoop/SpaceCoop/Content/Developers/dandre24/Collections/' took 0.00s
[2020.02.01-02.00.15:147][  0]LogFileCache: Scanning file cache for directory 'D:/SpaceCoop/SpaceCoop/Content/Collections/' took 0.00s
[2020.02.01-02.00.15:147][  0]LogCollectionManager: Rebuilt the GUID cache for 0 collections in 0.000001 seconds
[2020.02.01-02.00.15:156][  0]LogContentBrowser: Native class hierarchy populated in 0.0095 seconds. Added 2900 classes and 687 folders.
[2020.02.01-02.00.15:168][  0]LogContentBrowser: Native class hierarchy updated for 'WidgetCarousel' in 0.0002 seconds. Added 0 classes and 0 folders.
[2020.02.01-02.00.15:459][  0]LogContentBrowser: Native class hierarchy updated for 'AddContentDialog' in 0.0002 seconds. Added 0 classes and 0 folders.
[2020.02.01-02.00.15:499][  0]LogContentBrowser: Native class hierarchy updated for 'SceneOutliner' in 0.0003 seconds. Added 1 classes and 2 folders.
[2020.02.01-02.00.15:523][  0]LogSlate: Took 0.002831 seconds to synchronously load lazily loaded font '../../../Engine/Content/Slate/Fonts/Roboto-Regular.ttf' (155K)
[2020.02.01-02.00.15:527][  0]LogSlate: Took 0.002369 seconds to synchronously load lazily loaded font '../../../Engine/Content/Slate/Fonts/Roboto-Bold.ttf' (160K)
[2020.02.01-02.00.15:535][  0]LogSlate: Took 0.003612 seconds to synchronously load lazily loaded font '../../../Engine/Content/Editor/Slate/Fonts/FontAwesome.ttf' (139K)
[2020.02.01-02.00.15:632][  0]LogRenderer: Reallocating scene render targets to support 1208x572 Format 10 NumSamples 1 (Frame:1).
[2020.02.01-02.00.15:803][  0]LogSlate: FSceneViewport::OnFocusLost() reason 5
[2020.02.01-02.00.15:821][  0]LogSlate: Window 'Tutorials' being destroyed
[2020.02.01-02.00.15:839][  0]LogContentBrowser: Native class hierarchy updated for 'HierarchicalLODOutliner' in 0.0003 seconds. Added 0 classes and 0 folders.
[2020.02.01-02.00.15:839][  0]LogLoad: (Engine Initialization) Total time: 14.96 seconds
[2020.02.01-02.00.15:839][  0]LogLoad: (Engine Initialization) Total Blueprint compile time: 0.00 seconds
[2020.02.01-02.00.15:892][  0]LogContentStreaming: Texture pool size now 1000 MB
[2020.02.01-02.00.15:902][  0]LogSlate: Took 0.003140 seconds to synchronously load lazily loaded font '../../../Engine/Content/Slate/Fonts/Roboto-Light.ttf' (167K)
[2020.02.01-02.00.15:911][  0]LogSlate: Took 0.000722 seconds to synchronously load lazily loaded font '../../../Engine/Content/Slate/Fonts/Roboto-Light.ttf' (167K)
[2020.02.01-02.00.15:957][  1]LogAssetRegistry: Asset discovery search completed in 7.5993 seconds
[2020.02.01-02.00.15:960][  1]LogCollectionManager: Rebuilt the object cache for 0 collections in 0.000004 seconds (found 0 objects)
[2020.02.01-02.00.15:960][  1]LogCollectionManager: Fixed up redirectors for 0 collections in 0.000049 seconds (updated 0 objects)
[2020.02.01-02.03.15:849][560]LogEditorSessionSummary: EditorSessionSummary sent report. Type=Shutdown, SessionId={FA304D28-45A8-8215-9744-0DA0EDACB348}
[2020.02.01-02.05.19:420][379]LogSlate: FSceneViewport::OnFocusLost() reason 0
[2020.02.01-02.05.19:550][391]LogActorFactory: Actor Factory created Plane
[2020.02.01-02.05.21:514][624]LogActorFactory: Actor Factory created Plane
[2020.02.01-02.05.27:229][287]Cmd: DELETE
[2020.02.01-02.05.27:229][287]Cmd: ACTOR DELETE
[2020.02.01-02.05.27:230][287]LogEditorActor: Deleted Actor: StaticMeshActor
[2020.02.01-02.05.27:257][287]LogUObjectHash: Compacting FUObjectHashTables data took   1.65ms
[2020.02.01-02.05.27:257][287]LogEditorActor: Deleted 1 Actors (0.028 secs)
[2020.02.01-02.05.29:367][531]LogSlate: FSceneViewport::OnFocusLost() reason 0
[2020.02.01-02.05.53:094][375]LogActorFactory: Actor Factory created Cube
[2020.02.01-02.05.54:347][525]LogActorFactory: Actor Factory created Cube
[2020.02.01-02.05.57:526][902]LogSlate: FSceneViewport::OnFocusLost() reason 0
[2020.02.01-02.06.02:879][105]LogSlate: Window 'Pick Parent Class' being destroyed
[2020.02.01-02.06.09:346][873]LogUObjectHash: Compacting FUObjectHashTables data took   1.48ms
[2020.02.01-02.06.10:933][873]LogSlate: Window 'Delete Assets' being destroyed
[2020.02.01-02.06.10:996][873]LogUObjectHash: Compacting FUObjectHashTables data took   1.49ms
[2020.02.01-02.06.36:033][ 75]LogSlate: Window 'Pick Parent Class' being destroyed
[2020.02.01-02.06.53:497][143]LogAssetEditorManager: Opening Asset editor for Blueprint /Game/Blueprints/SpaceShip_BP.SpaceShip_BP
[2020.02.01-02.06.53:763][143]LogContentBrowser: Native class hierarchy updated for 'BlueprintGraph' in 0.0005 seconds. Added 121 classes and 0 folders.
[2020.02.01-02.06.56:494][315]LogSlate: Took 0.003678 seconds to synchronously load lazily loaded font '../../../Engine/Content/Slate/Fonts/Roboto-BoldCondensed.ttf' (158K)
[2020.02.01-02.08.59:594][610]LogRenderer: Reallocating scene render targets to support 1208x900 Format 10 NumSamples 1 (Frame:190).
[2020.02.01-02.09.07:789][319]LogSlate: Took 0.003597 seconds to synchronously load lazily loaded font '../../../Engine/Content/Slate/Fonts/Roboto-Italic.ttf' (157K)
[2020.02.01-02.09.11:034][598]LogSlate: FSceneViewport::OnFocusLost() reason 2
[2020.02.01-02.10.52:020][930]LogSlate: FSceneViewport::OnFocusLost() reason 2
[2020.02.01-02.11.43:755][188]LogSlate: FSceneViewport::OnFocusLost() reason 0
[2020.02.01-02.11.55:174][177]LogSlate: FSceneViewport::OnFocusLost() reason 2
[2020.02.01-02.12.28:913][993]LogSlate: FSceneViewport::OnFocusLost() reason 2
[2020.02.01-02.12.49:828][697]LogSlate: FSceneViewport::OnFocusLost() reason 0
[2020.02.01-02.12.55:066][167]LogSlate: FSceneViewport::OnFocusLost() reason 0
[2020.02.01-02.12.59:974][604]LogSlate: FSceneViewport::OnFocusLost() reason 0
[2020.02.01-02.13.30:820][ 57]LogSlate: FSceneViewport::OnFocusLost() reason 0
[2020.02.01-02.13.41:088][888]LogEditorTransaction: Undo Modify Component(s)
[2020.02.01-02.14.16:935][910]LogUObjectHash: Compacting FUObjectHashTables data took   4.16ms
[2020.02.01-02.14.16:936][910]Cmd: OBJ SAVEPACKAGE PACKAGE="/Game/Levels/Testing" FILE="D:/SpaceCoop/SpaceCoop/Saved/Autosaves/Game/Levels/Testing_Auto1.umap" SILENT=true AUTOSAVING=true KEEPDIRTY=false
[2020.02.01-02.14.17:108][910]LogSavePackage: Moving 'D:/SpaceCoop/SpaceCoop/Saved/Testing_Auto10BEA4A9345B40EEF56B007B6E0116EF4.tmp' to 'D:/SpaceCoop/SpaceCoop/Saved/Autosaves/Game/Levels/Testing_Auto1.umap'
[2020.02.01-02.14.17:113][910]LogFileHelpers: Editor autosave (incl. sublevels) for '/Game/Levels/Testing' took 0.281
[2020.02.01-02.14.17:113][910]LogFileHelpers: Editor autosave (incl. sublevels) for all levels took 0.281
[2020.02.01-02.14.17:115][910]OBJ SavePackage: Generating thumbnails for [1] asset(s) in package [/Game/Blueprints/SpaceShip_BP] ([1] browsable assets)...
[2020.02.01-02.14.17:141][910]OBJ SavePackage:     Rendered thumbnail for [Blueprint /Game/Blueprints/SpaceShip_BP.SpaceShip_BP]
[2020.02.01-02.14.17:141][910]OBJ SavePackage: Finished generating thumbnails for package [/Game/Blueprints/SpaceShip_BP]
[2020.02.01-02.14.17:141][910]Cmd: OBJ SAVEPACKAGE PACKAGE="/Game/Blueprints/SpaceShip_BP" FILE="D:/SpaceCoop/SpaceCoop/Saved/Autosaves/Game/Blueprints/SpaceShip_BP_Auto1.uasset" SILENT=false AUTOSAVING=true
[2020.02.01-02.14.17:158][910]LogSavePackage: Moving 'D:/SpaceCoop/SpaceCoop/Saved/SpaceShip_BP_Auto1960FA506459F83A5D2B60E99B252787E.tmp' to 'D:/SpaceCoop/SpaceCoop/Saved/Autosaves/Game/Blueprints/SpaceShip_BP_Auto1.uasset'
[2020.02.01-02.14.17:159][910]LogFileHelpers: Auto-saving content packages took 0.045
[2020.02.01-02.23.15:995][510]LogSlate: FSceneViewport::OnFocusLost() reason 5
[2020.02.01-02.23.34:621][922]LogSlate: FSceneViewport::OnFocusLost() reason 0
[2020.02.01-02.26.07:243][510]LogUObjectHash: Compacting FUObjectHashTables data took   3.29ms
[2020.02.01-02.26.07:243][510]LogFileHelpers: Editor autosave (incl. sublevels) for '/Game/Levels/Testing' took 0.063
[2020.02.01-02.26.07:245][510]OBJ SavePackage: Generating thumbnails for [1] asset(s) in package [/Game/Blueprints/SpaceShip_BP] ([1] browsable assets)...
[2020.02.01-02.26.07:256][510]OBJ SavePackage:     Rendered thumbnail for [Blueprint /Game/Blueprints/SpaceShip_BP.SpaceShip_BP]
[2020.02.01-02.26.07:256][510]OBJ SavePackage: Finished generating thumbnails for package [/Game/Blueprints/SpaceShip_BP]
[2020.02.01-02.26.07:256][510]Cmd: OBJ SAVEPACKAGE PACKAGE="/Game/Blueprints/SpaceShip_BP" FILE="D:/SpaceCoop/SpaceCoop/Saved/Autosaves/Game/Blueprints/SpaceShip_BP_Auto2.uasset" SILENT=false AUTOSAVING=true
[2020.02.01-02.26.07:272][510]LogSavePackage: Moving 'D:/SpaceCoop/SpaceCoop/Saved/SpaceShip_BP_Auto245D6B71F4851E690D99F3A890A617185.tmp' to 'D:/SpaceCoop/SpaceCoop/Saved/Autosaves/Game/Blueprints/SpaceShip_BP_Auto2.uasset'
[2020.02.01-02.26.07:274][510]LogFileHelpers: Auto-saving content packages took 0.029
[2020.02.01-02.26.23:075][558]LogSlate: FSceneViewport::OnFocusLost() reason 5
[2020.02.01-02.27.23:609][484]LogSlate: FSceneViewport::OnFocusLost() reason 0
[2020.02.01-02.39.58:543][505]LogSlate: FSceneViewport::OnFocusLost() reason 0
[2020.02.01-02.41.39:544][607]LogUObjectHash: Compacting FUObjectHashTables data took   3.34ms
[2020.02.01-02.41.39:544][607]LogFileHelpers: Editor autosave (incl. sublevels) for '/Game/Levels/Testing' took 0.034
[2020.02.01-02.41.39:546][607]OBJ SavePackage: Generating thumbnails for [1] asset(s) in package [/Game/Blueprints/SpaceShip_BP] ([1] browsable assets)...
[2020.02.01-02.41.39:557][607]OBJ SavePackage:     Rendered thumbnail for [Blueprint /Game/Blueprints/SpaceShip_BP.SpaceShip_BP]
[2020.02.01-02.41.39:557][607]OBJ SavePackage: Finished generating thumbnails for package [/Game/Blueprints/SpaceShip_BP]
[2020.02.01-02.41.39:557][607]Cmd: OBJ SAVEPACKAGE PACKAGE="/Game/Blueprints/SpaceShip_BP" FILE="D:/SpaceCoop/SpaceCoop/Saved/Autosaves/Game/Blueprints/SpaceShip_BP_Auto3.uasset" SILENT=false AUTOSAVING=true
[2020.02.01-02.41.39:575][607]LogSavePackage: Moving 'D:/SpaceCoop/SpaceCoop/Saved/SpaceShip_BP_Auto37542008A4395E60B79A47580942738A0.tmp' to 'D:/SpaceCoop/SpaceCoop/Saved/Autosaves/Game/Blueprints/SpaceShip_BP_Auto3.uasset'
[2020.02.01-02.41.39:577][607]LogFileHelpers: Auto-saving content packages took 0.032
[2020.02.01-02.50.17:969][696]BlueprintLog: New page: Compile SpaceShip_BP
[2020.02.01-02.50.18:156][696]LogUObjectHash: Compacting FUObjectHashTables data took   4.07ms
[2020.02.01-02.50.18:705][750]Cmd: OBJ SAVEPACKAGE PACKAGE="/Game/Blueprints/SpaceShip_BP" FILE="D:/SpaceCoop/SpaceCoop/Content/Blueprints/SpaceShip_BP.uasset" SILENT=true
[2020.02.01-02.50.18:722][750]LogSavePackage: Moving 'D:/SpaceCoop/SpaceCoop/Saved/SpaceShip_BP39A6DF8343D0D4343848C18947CF3AF7.tmp' to 'D:/SpaceCoop/SpaceCoop/Content/Blueprints/SpaceShip_BP.uasset'
[2020.02.01-02.50.24:731][278]LogEditorViewport: Clicking on Actor (LMB): StaticMeshActor (Floor2)
[2020.02.01-02.50.25:652][371]LogEditorViewport: Clicking on Actor (LMB): BP_Sky_Sphere_C (Sky Sphere)
[2020.02.01-02.50.37:588][ 89]LogSlate: FSceneViewport::OnFocusLost() reason 0
[2020.02.01-02.58.41:962][840]LogUObjectHash: Compacting FUObjectHashTables data took   3.57ms
[2020.02.01-02.58.41:962][840]LogFileHelpers: Editor autosave (incl. sublevels) for '/Game/Levels/Testing' took 0.038
[2020.02.01-02.58.41:964][840]OBJ SavePackage: Generating thumbnails for [0] asset(s) in package [/Game/Blueprints/SpaceShip_BP] ([1] browsable assets)...
[2020.02.01-02.58.41:964][840]OBJ SavePackage: Finished generating thumbnails for package [/Game/Blueprints/SpaceShip_BP]
[2020.02.01-02.58.41:964][840]Cmd: OBJ SAVEPACKAGE PACKAGE="/Game/Blueprints/SpaceShip_BP" FILE="D:/SpaceCoop/SpaceCoop/Saved/Autosaves/Game/Blueprints/SpaceShip_BP_Auto4.uasset" SILENT=false AUTOSAVING=true
[2020.02.01-02.58.41:988][840]LogSavePackage: Moving 'D:/SpaceCoop/SpaceCoop/Saved/SpaceShip_BP_Auto47335E671440270566A20DA99A6C8B94A.tmp' to 'D:/SpaceCoop/SpaceCoop/Saved/Autosaves/Game/Blueprints/SpaceShip_BP_Auto4.uasset'
[2020.02.01-02.58.41:989][840]LogFileHelpers: Auto-saving content packages took 0.026
[2020.02.01-02.58.54:261][168]BlueprintLog: New page: Compile SpaceShip_BP
[2020.02.01-02.58.54:434][168]LogUObjectHash: Compacting FUObjectHashTables data took   2.80ms
[2020.02.01-02.58.54:849][208]Cmd: OBJ SAVEPACKAGE PACKAGE="/Game/Blueprints/SpaceShip_BP" FILE="D:/SpaceCoop/SpaceCoop/Content/Blueprints/SpaceShip_BP.uasset" SILENT=true
[2020.02.01-02.58.54:865][208]LogSavePackage: Moving 'D:/SpaceCoop/SpaceCoop/Saved/SpaceShip_BP3FF088E2452D8466E0D2779A3A5F0BA1.tmp' to 'D:/SpaceCoop/SpaceCoop/Content/Blueprints/SpaceShip_BP.uasset'
[2020.02.01-02.59.03:608][147]Cmd: OBJ SAVEPACKAGE PACKAGE="/Game/Levels/Testing" FILE="D:/SpaceCoop/SpaceCoop/Content/Levels/Testing.umap" SILENT=true AUTOSAVING=false KEEPDIRTY=false
[2020.02.01-02.59.03:645][147]LogUObjectHash: Compacting FUObjectHashTables data took   3.01ms
[2020.02.01-02.59.03:814][147]LogSavePackage: Moving 'D:/SpaceCoop/SpaceCoop/Saved/Testing89E53F6244D30C01447BB0861A3B4C4B.tmp' to 'D:/SpaceCoop/SpaceCoop/Content/Levels/Testing.umap'
[2020.02.01-02.59.03:836][147]Cmd: OBJ SAVEPACKAGE PACKAGE="/Game/Levels/Testing_BuiltData" FILE="D:/SpaceCoop/SpaceCoop/Content/Levels/Testing_BuiltData.uasset" SILENT=true
[2020.02.01-02.59.03:853][147]LogSavePackage: Moving 'D:/SpaceCoop/SpaceCoop/Saved/Testing_BuiltData733C37AC45C738656946F8A918C37B69.tmp' to 'D:/SpaceCoop/SpaceCoop/Content/Levels/Testing_BuiltData.uasset'
[2020.02.01-02.59.25:682][461]LogUObjectHash: Compacting FUObjectHashTables data took   3.93ms
[2020.02.01-02.59.25:723][461]LogSlate: Window 'SpaceShip_BP' being destroyed
[2020.02.01-02.59.25:740][461]LogWorld: UWorld::CleanupWorld for World_2, bSessionEnded=true, bCleanupResources=true
[2020.02.01-02.59.25:777][461]LogSlate: Window 'SpaceCoop - Unreal Editor' being destroyed
[2020.02.01-02.59.25:777][461]LogWindowsTextInputMethodSystem: Display: IME system now deactivated.
[2020.02.01-02.59.25:876][462]Cmd: QUIT_EDITOR
[2020.02.01-02.59.25:908][462]LogExit: Preparing to exit.
[2020.02.01-02.59.26:461][462]LogWorld: UWorld::CleanupWorld for World_3, bSessionEnded=true, bCleanupResources=true
[2020.02.01-02.59.26:463][462]LogWorld: UWorld::CleanupWorld for World_1, bSessionEnded=true, bCleanupResources=true
[2020.02.01-02.59.26:465][462]LogWorld: UWorld::CleanupWorld for World_0, bSessionEnded=true, bCleanupResources=true
[2020.02.01-02.59.26:505][462]LogDemo: Cleaned up 0 splitscreen connections with owner deletion
[2020.02.01-02.59.26:514][462]LogWorld: UWorld::CleanupWorld for None, bSessionEnded=true, bCleanupResources=true
[2020.02.01-02.59.26:514][462]LogExit: Editor shut down
[2020.02.01-02.59.26:514][462]LogExit: Transaction tracking system shut down
[2020.02.01-02.59.26:764][462]LogExit: Object subsystem successfully closed.
[2020.02.01-02.59.26:782][462]LogShaderCompilers: Display: Shaders left to compile 0
[2020.02.01-02.59.26:794][462]LogModuleManager: Shutting down and abandoning module BlueprintGraph (674)
[2020.02.01-02.59.26:794][462]LogModuleManager: Shutting down and abandoning module HierarchicalLODOutliner (672)
[2020.02.01-02.59.26:794][462]LogModuleManager: Shutting down and abandoning module SceneOutliner (670)
[2020.02.01-02.59.26:794][462]LogModuleManager: Shutting down and abandoning module AddContentDialog (668)
[2020.02.01-02.59.26:796][462]LogModuleManager: Shutting down and abandoning module WidgetCarousel (667)
[2020.02.01-02.59.26:796][462]LogModuleManager: Shutting down and abandoning module EditorWidgets (664)
[2020.02.01-02.59.26:796][462]LogModuleManager: Shutting down and abandoning module CollectionManager (662)
[2020.02.01-02.59.26:796][462]LogModuleManager: Shutting down and abandoning module StatsViewer (660)
[2020.02.01-02.59.26:796][462]LogModuleManager: Shutting down and abandoning module VirtualTexturingEditor (658)
[2020.02.01-02.59.26:796][462]LogModuleManager: Shutting down and abandoning module FoliageEdit (656)
[2020.02.01-02.59.26:796][462]LogModuleManager: Shutting down and abandoning module LandscapeEditor (654)
[2020.02.01-02.59.26:796][462]LogModuleManager: Shutting down and abandoning module MeshPaintMode (652)
[2020.02.01-02.59.26:796][462]LogModuleManager: Shutting down and abandoning module SceneDepthPickerMode (650)
[2020.02.01-02.59.26:796][462]LogModuleManager: Shutting down and abandoning module ActorPickerMode (648)
[2020.02.01-02.59.26:796][462]LogModuleManager: Shutting down and abandoning module GeometryMode (646)
[2020.02.01-02.59.26:796][462]LogModuleManager: Shutting down and abandoning module TextureAlignMode (644)
[2020.02.01-02.59.26:796][462]LogModuleManager: Shutting down and abandoning module BspMode (642)
[2020.02.01-02.59.26:796][462]LogModuleManager: Shutting down and abandoning module PIEPreviewDeviceProfileSelector (640)
[2020.02.01-02.59.26:797][462]LogModuleManager: Shutting down and abandoning module SequenceRecorderSections (638)
[2020.02.01-02.59.26:797][462]LogModuleManager: Shutting down and abandoning module AutomationWorker (636)
[2020.02.01-02.59.26:797][462]LogModuleManager: Shutting down and abandoning module OculusMR (634)
[2020.02.01-02.59.26:797][462]LogModuleManager: Shutting down and abandoning module HoudiniEngineEditor (632)
[2020.02.01-02.59.26:797][462]LogHoudiniEngineEditor: Shutting down the Houdini Engine Editor module.
[2020.02.01-02.59.26:797][462]LogHoudiniEngineEditor: Houdini Engine Editor module shutdown complete.
[2020.02.01-02.59.26:797][462]LogModuleManager: Shutting down and abandoning module AudioCaptureEditor (630)
[2020.02.01-02.59.26:797][462]LogModuleManager: Shutting down and abandoning module MatineeToLevelSequence (628)
[2020.02.01-02.59.26:797][462]LogModuleManager: Shutting down and abandoning module LevelSequenceEditor (626)
[2020.02.01-02.59.26:797][462]LogModuleManager: Shutting down and abandoning module PlacementMode (625)
[2020.02.01-02.59.26:797][462]LogModuleManager: Shutting down and abandoning module MaterialEditor (624)
[2020.02.01-02.59.26:797][462]LogModuleManager: Shutting down and abandoning module ActorSequenceEditor (620)
[2020.02.01-02.59.26:797][462]LogModuleManager: Shutting down and abandoning module WmfMediaFactory (618)
[2020.02.01-02.59.26:797][462]LogModuleManager: Shutting down and abandoning module WmfMediaEditor (616)
[2020.02.01-02.59.26:797][462]LogModuleManager: Shutting down and abandoning module WebMMediaFactory (614)
[2020.02.01-02.59.26:797][462]LogModuleManager: Shutting down and abandoning module WebMMediaEditor (612)
[2020.02.01-02.59.26:797][462]LogModuleManager: Shutting down and abandoning module WebMMedia (610)
[2020.02.01-02.59.26:797][462]LogModuleManager: Shutting down and abandoning module MediaPlayerEditor (608)
[2020.02.01-02.59.26:797][462]LogModuleManager: Shutting down and abandoning module MediaCompositingEditor (606)
[2020.02.01-02.59.26:797][462]LogModuleManager: Shutting down and abandoning module SequenceRecorder (605)
[2020.02.01-02.59.26:797][462]LogModuleManager: Shutting down and abandoning module OpenExrWrapper (602)
[2020.02.01-02.59.26:797][462]LogModuleManager: Shutting down and abandoning module ImgMediaFactory (600)
[2020.02.01-02.59.26:797][462]LogModuleManager: Shutting down and abandoning module ImgMediaEditor (598)
[2020.02.01-02.59.26:797][462]LogModuleManager: Shutting down and abandoning module AvfMediaFactory (596)
[2020.02.01-02.59.26:797][462]LogModuleManager: Shutting down and abandoning module AvfMediaEditor (594)
[2020.02.01-02.59.26:797][462]LogModuleManager: Shutting down and abandoning module AndroidMediaFactory (592)
[2020.02.01-02.59.26:797][462]LogModuleManager: Shutting down and abandoning module AndroidMediaEditor (590)
[2020.02.01-02.59.26:797][462]LogModuleManager: Shutting down and abandoning module MagicLeapCameraPreviewFactory (588)
[2020.02.01-02.59.26:797][462]LogModuleManager: Shutting down and abandoning module MagicLeapMediaCodecFactory (586)
[2020.02.01-02.59.26:797][462]LogModuleManager: Shutting down and abandoning module MagicLeapMediaFactory (584)
[2020.02.01-02.59.26:797][462]LogModuleManager: Shutting down and abandoning module MagicLeapMediaEditor (582)
[2020.02.01-02.59.26:797][462]LogModuleManager: Shutting down and abandoning module CharacterAI (580)
[2020.02.01-02.59.26:797][462]LogModuleManager: Shutting down and abandoning module SmartSnapping (578)
[2020.02.01-02.59.26:797][462]LogModuleManager: Shutting down and abandoning module SessionServices (576)
[2020.02.01-02.59.26:798][462]LogModuleManager: Shutting down and abandoning module MeshPaint (574)
[2020.02.01-02.59.26:798][462]LogModuleManager: Shutting down and abandoning module ViewportSnapping (572)
[2020.02.01-02.59.26:798][462]LogModuleManager: Shutting down and abandoning module ViewportInteraction (570)
[2020.02.01-02.59.26:798][462]LogModuleManager: Shutting down and abandoning module ClothPainter (568)
[2020.02.01-02.59.26:798][462]LogModuleManager: Shutting down and abandoning module SkeletalMeshEditor (567)
[2020.02.01-02.59.26:798][462]LogModuleManager: Shutting down and abandoning module LogVisualizer (564)
[2020.02.01-02.59.26:798][462]LogModuleManager: Shutting down and abandoning module IntroTutorials (562)
[2020.02.01-02.59.26:798][462]LogModuleManager: Shutting down and abandoning module GameProjectGeneration (561)
[2020.02.01-02.59.26:798][462]LogModuleManager: Shutting down and abandoning module LuminPlatformEditor (558)
[2020.02.01-02.59.26:798][462]LogModuleManager: Shutting down and abandoning module IOSPlatformEditor (556)
[2020.02.01-02.59.26:798][462]LogModuleManager: Shutting down and abandoning module HTML5PlatformEditor (554)
[2020.02.01-02.59.26:798][462]LogModuleManager: Shutting down and abandoning module AndroidPlatformEditor (552)
[2020.02.01-02.59.26:798][462]LogModuleManager: Shutting down and abandoning module AndroidDeviceDetection (551)
[2020.02.01-02.59.26:936][462]LogModuleManager: Shutting down and abandoning module WindowsPlatformEditor (548)
[2020.02.01-02.59.26:936][462]LogModuleManager: Shutting down and abandoning module LuminRuntimeSettings (546)
[2020.02.01-02.59.26:936][462]LogModuleManager: Shutting down and abandoning module IOSRuntimeSettings (544)
[2020.02.01-02.59.26:936][462]LogModuleManager: Shutting down and abandoning module AndroidRuntimeSettings (542)
[2020.02.01-02.59.26:936][462]LogModuleManager: Shutting down and abandoning module TimeManagementEditor (540)
[2020.02.01-02.59.26:936][462]LogModuleManager: Shutting down and abandoning module InputBindingEditor (538)
[2020.02.01-02.59.26:936][462]LogModuleManager: Shutting down and abandoning module MergeActors (536)
[2020.02.01-02.59.26:936][462]LogModuleManager: Shutting down and abandoning module LocalizationDashboard (534)
[2020.02.01-02.59.26:936][462]LogModuleManager: Shutting down and abandoning module LocalizationService (533)
[2020.02.01-02.59.26:936][462]LogModuleManager: Shutting down and abandoning module HardwareTargeting (530)
[2020.02.01-02.59.26:936][462]LogModuleManager: Shutting down and abandoning module DeviceProfileEditor (528)
[2020.02.01-02.59.26:936][462]LogModuleManager: Shutting down and abandoning module UndoHistory (526)
[2020.02.01-02.59.26:936][462]LogModuleManager: Shutting down and abandoning module XmlParser (524)
[2020.02.01-02.59.26:936][462]LogModuleManager: Shutting down and abandoning module Blutility (522)
[2020.02.01-02.59.26:936][462]LogModuleManager: Shutting down and abandoning module ProjectSettingsViewer (520)
[2020.02.01-02.59.26:936][462]LogModuleManager: Shutting down and abandoning module ProjectTargetPlatformEditor (519)
[2020.02.01-02.59.26:936][462]LogModuleManager: Shutting down and abandoning module EditorSettingsViewer (516)
[2020.02.01-02.59.26:936][462]LogModuleManager: Shutting down and abandoning module SettingsEditor (514)
[2020.02.01-02.59.26:936][462]LogModuleManager: Shutting down and abandoning module ProjectLauncher (512)
[2020.02.01-02.59.26:936][462]LogModuleManager: Shutting down and abandoning module SessionFrontend (510)
[2020.02.01-02.59.26:936][462]LogModuleManager: Shutting down and abandoning module ProfilerClient (508)
[2020.02.01-02.59.26:936][462]LogModuleManager: Shutting down and abandoning module DeviceManager (506)
[2020.02.01-02.59.26:936][462]LogModuleManager: Shutting down and abandoning module TargetDeviceServices (505)
[2020.02.01-02.59.26:992][462]LogModuleManager: Shutting down and abandoning module AutomationController (502)
[2020.02.01-02.59.26:992][462]LogModuleManager: Shutting down and abandoning module AutomationWindow (500)
[2020.02.01-02.59.26:992][462]LogModuleManager: Shutting down and abandoning module Layers (498)
[2020.02.01-02.59.26:992][462]LogModuleManager: Shutting down and abandoning module ComponentVisualizers (496)
[2020.02.01-02.59.26:992][462]LogModuleManager: Shutting down and abandoning module DetailCustomizations (494)
[2020.02.01-02.59.26:992][462]LogModuleManager: Shutting down and abandoning module PackagesDialog (492)
[2020.02.01-02.59.26:992][462]LogModuleManager: Shutting down and abandoning module AnimationBlueprintEditor (490)
[2020.02.01-02.59.26:992][462]LogModuleManager: Shutting down and abandoning module Persona (488)
[2020.02.01-02.59.26:992][462]LogModuleManager: Shutting down and abandoning module AdvancedPreviewScene (487)
[2020.02.01-02.59.26:992][462]LogModuleManager: Shutting down and abandoning module AnimGraph (485)
[2020.02.01-02.59.26:992][462]LogModuleManager: Shutting down and abandoning module Kismet (482)
[2020.02.01-02.59.26:997][462]LogModuleManager: Shutting down and abandoning module KismetWidgets (481)
[2020.02.01-02.59.26:997][462]LogModuleManager: Shutting down and abandoning module GraphEditor (478)
[2020.02.01-02.59.26:997][462]LogModuleManager: Shutting down and abandoning module StructViewer (476)
[2020.02.01-02.59.26:997][462]LogModuleManager: Shutting down and abandoning module ClassViewer (474)
[2020.02.01-02.59.26:998][462]LogModuleManager: Shutting down and abandoning module Toolbox (472)
[2020.02.01-02.59.26:998][462]LogModuleManager: Shutting down and abandoning module ModuleUI (470)
[2020.02.01-02.59.26:998][462]LogModuleManager: Shutting down and abandoning module MovieSceneTools (468)
[2020.02.01-02.59.26:998][462]LogModuleManager: Shutting down and abandoning module OutputLog (466)
[2020.02.01-02.59.26:999][462]LogModuleManager: Shutting down and abandoning module GammaUI (464)
[2020.02.01-02.59.26:999][462]LogModuleManager: Shutting down and abandoning module Documentation (462)
[2020.02.01-02.59.26:999][462]LogModuleManager: Shutting down and abandoning module LiveCoding (460)
[2020.02.01-02.59.26:999][462]LogModuleManager: Shutting down and abandoning module LevelSequence (458)
[2020.02.01-02.59.26:999][462]LogModuleManager: Shutting down and abandoning module MovieSceneTracks (456)
[2020.02.01-02.59.26:999][462]LogModuleManager: Shutting down and abandoning module MovieScene (454)
[2020.02.01-02.59.26:999][462]LogModuleManager: Shutting down and abandoning module StreamingPauseRendering (452)
[2020.02.01-02.59.26:999][462]LogModuleManager: Shutting down and abandoning module LauncherPlatform (450)
[2020.02.01-02.59.26:999][462]LogModuleManager: Shutting down and abandoning module AnalyticsET (448)
[2020.02.01-02.59.26:999][462]LogModuleManager: Shutting down and abandoning module PortalServices (446)
[2020.02.01-02.59.26:999][462]LogModuleManager: Shutting down and abandoning module PortalRpc (444)
[2020.02.01-02.59.26:999][462]LogModuleManager: Shutting down and abandoning module MessagingRpc (442)
[2020.02.01-02.59.26:999][462]LogModuleManager: Shutting down and abandoning module AIModule (440)
[2020.02.01-02.59.26:999][462]LogModuleManager: Shutting down and abandoning module GameplayDebugger (439)
[2020.02.01-02.59.26:999][462]LogModuleManager: Shutting down and abandoning module AITestSuite (437)
[2020.02.01-02.59.26:999][462]LogModuleManager: Shutting down and abandoning module NavigationSystem (435)
[2020.02.01-02.59.26:999][462]LogModuleManager: Shutting down and abandoning module DesktopPlatform (432)
[2020.02.01-02.59.26:999][462]LogModuleManager: Shutting down and abandoning module ImageWriteQueue (430)
[2020.02.01-02.59.27:002][462]LogModuleManager: Shutting down and abandoning module ProfilerService (428)
[2020.02.01-02.59.27:022][462]LogModuleManager: Shutting down and abandoning module TaskGraph (426)
[2020.02.01-02.59.27:022][462]LogModuleManager: Shutting down and abandoning module ScreenshotTools (424)
[2020.02.01-02.59.27:022][462]LogModuleManager: Shutting down and abandoning module SteamVRController (422)
[2020.02.01-02.59.27:022][462]LogModuleManager: Shutting down and abandoning module ProceduralMeshComponentEditor (420)
[2020.02.01-02.59.27:022][462]LogModuleManager: Shutting down and abandoning module ProceduralMeshComponent (418)
[2020.02.01-02.59.27:022][462]LogModuleManager: Shutting down and abandoning module OculusEditor (416)
[2020.02.01-02.59.27:022][462]LogModuleManager: Shutting down and abandoning module OculusInput (414)
[2020.02.01-02.59.27:022][462]LogModuleManager: Shutting down and abandoning module MobilePatchingUtils (412)
[2020.02.01-02.59.27:022][462]LogModuleManager: Shutting down and abandoning module HoudiniEngineRuntime (410)
[2020.02.01-02.59.27:022][462]LogHoudiniEngine: Shutting down the Houdini Engine module.
[2020.02.01-02.59.27:023][462]LogModuleManager: Shutting down and abandoning module EditableMesh (408)
[2020.02.01-02.59.27:023][462]LogModuleManager: Shutting down and abandoning module CustomMeshComponent (406)
[2020.02.01-02.59.27:023][462]LogModuleManager: Shutting down and abandoning module CableComponent (404)
[2020.02.01-02.59.27:023][462]LogModuleManager: Shutting down and abandoning module AudioCapture (402)
[2020.02.01-02.59.27:023][462]LogModuleManager: Shutting down and abandoning module ArchVisCharacter (400)
[2020.02.01-02.59.27:023][462]LogModuleManager: Shutting down and abandoning module AppleImageUtilsBlueprintSupport (398)
[2020.02.01-02.59.27:023][462]LogModuleManager: Shutting down and abandoning module AppleImageUtils (396)
[2020.02.01-02.59.27:023][462]LogModuleManager: Shutting down and abandoning module AndroidPermission (394)
[2020.02.01-02.59.27:023][462]LogModuleManager: Shutting down and abandoning module NUTUnrealEngine4 (392)
[2020.02.01-02.59.27:023][462]LogModuleManager: Shutting down and abandoning module NetcodeUnitTest (390)
[2020.02.01-02.59.27:023][462]LogModuleManager: Shutting down and abandoning module MediaCompositing (388)
[2020.02.01-02.59.27:023][462]LogModuleManager: Shutting down and abandoning module ImgMedia (386)
[2020.02.01-02.59.27:023][462]LogModuleManager: Shutting down and abandoning module MagicLeapHelperVulkan (384)
[2020.02.01-02.59.27:023][462]LogModuleManager: Shutting down and abandoning module MagicLeapHelperOpenGL (382)
[2020.02.01-02.59.27:023][462]LogModuleManager: Shutting down and abandoning module MagicLeapAudio (380)
[2020.02.01-02.59.27:023][462]LogModuleManager: Shutting down and abandoning module HTML5Networking (378)
[2020.02.01-02.59.27:023][462]LogModuleManager: Shutting down and abandoning module GeometryCacheTracks (376)
[2020.02.01-02.59.27:023][462]LogModuleManager: Shutting down and abandoning module GeometryCacheSequencer (374)
[2020.02.01-02.59.27:023][462]LogModuleManager: Shutting down and abandoning module BackChannel (372)
[2020.02.01-02.59.27:023][462]LogModuleManager: Shutting down and abandoning module AutomationUtilsEditor (370)
[2020.02.01-02.59.27:023][462]LogModuleManager: Shutting down and abandoning module AutomationUtils (368)
[2020.02.01-02.59.27:023][462]LogModuleManager: Shutting down and abandoning module AlembicImporter (366)
[2020.02.01-02.59.27:023][462]LogModuleManager: Shutting down and abandoning module AlembicLibrary (365)
[2020.02.01-02.59.27:023][462]LogModuleManager: Shutting down and abandoning module GeometryCache (364)
[2020.02.01-02.59.27:023][462]LogModuleManager: Shutting down and abandoning module GeometryCacheEd (363)
[2020.02.01-02.59.27:023][462]LogModuleManager: Shutting down and abandoning module VariantManagerContent (358)
[2020.02.01-02.59.27:023][462]LogModuleManager: Shutting down and abandoning module DatasmithContentEditor (356)
[2020.02.01-02.59.27:023][462]LogModuleManager: Shutting down and abandoning module SpeedTreeImporter (354)
[2020.02.01-02.59.27:023][462]LogModuleManager: Shutting down and abandoning module PluginBrowser (352)
[2020.02.01-02.59.27:023][462]LogModuleManager: Shutting down and abandoning module MobileLauncherProfileWizard (350)
[2020.02.01-02.59.27:023][462]LogModuleManager: Shutting down and abandoning module MaterialAnalyzer (348)
[2020.02.01-02.59.27:023][462]LogModuleManager: Shutting down and abandoning module CurveEditorTools (346)
[2020.02.01-02.59.27:023][462]LogModuleManager: Shutting down and abandoning module CurveEditor (345)
[2020.02.01-02.59.27:023][462]LogModuleManager: Shutting down and abandoning module CryptoKeysOpenSSL (342)
[2020.02.01-02.59.27:023][462]LogModuleManager: Shutting down and abandoning module CryptoKeys (340)
[2020.02.01-02.59.27:023][462]LogModuleManager: Shutting down and abandoning module VisualStudioSourceCodeAccess (338)
[2020.02.01-02.59.27:023][462]LogModuleManager: Shutting down and abandoning module VisualStudioCodeSourceCodeAccess (336)
[2020.02.01-02.59.27:023][462]LogModuleManager: Shutting down and abandoning module UObjectPlugin (334)
[2020.02.01-02.59.27:023][462]LogModuleManager: Shutting down and abandoning module SubversionSourceControl (332)
[2020.02.01-02.59.27:023][462]LogModuleManager: Shutting down and abandoning module PerforceSourceControl (330)
[2020.02.01-02.59.27:023][462]LogModuleManager: Shutting down and abandoning module GitSourceControl (328)
[2020.02.01-02.59.27:023][462]LogModuleManager: Shutting down and abandoning module SourceControl (327)
[2020.02.01-02.59.27:023][462]LogModuleManager: Shutting down and abandoning module CLionSourceCodeAccess (324)
[2020.02.01-02.59.27:023][462]LogModuleManager: Shutting down and abandoning module AnimationSharingEd (322)
[2020.02.01-02.59.27:023][462]LogModuleManager: Shutting down and abandoning module ActorLayerUtilitiesEditor (320)
[2020.02.01-02.59.27:023][462]LogModuleManager: Shutting down and abandoning module ActorLayerUtilities (318)
[2020.02.01-02.59.27:023][462]LogModuleManager: Shutting down and abandoning module LightPropagationVolumeEditor (316)
[2020.02.01-02.59.27:023][462]LogModuleManager: Shutting down and abandoning module PaperTiledImporter (314)
[2020.02.01-02.59.27:023][462]LogModuleManager: Shutting down and abandoning module PaperSpriteSheetImporter (312)
[2020.02.01-02.59.27:023][462]LogModuleManager: Shutting down and abandoning module Paper2DEditor (310)
[2020.02.01-02.59.27:023][462]LogModuleManager: Shutting down and abandoning module SignificanceManager (308)
[2020.02.01-02.59.27:023][462]LogModuleManager: Shutting down and abandoning module RuntimePhysXCooking (306)
[2020.02.01-02.59.27:023][462]LogModuleManager: Shutting down and abandoning module PhysXVehiclesEditor (304)
[2020.02.01-02.59.27:023][462]LogModuleManager: Shutting down and abandoning module LocationServicesBPLibrary (300)
[2020.02.01-02.59.27:023][462]LogModuleManager: Shutting down and abandoning module ActorSequence (298)
[2020.02.01-02.59.27:024][462]LogModuleManager: Shutting down and abandoning module UdpMessaging (296)
[2020.02.01-02.59.27:125][462]LogModuleManager: Shutting down and abandoning module TcpMessaging (294)
[2020.02.01-02.59.27:226][462]LogModuleManager: Shutting down and abandoning module MagicLeapIdentity (292)
[2020.02.01-02.59.27:226][462]LogModuleManager: Shutting down and abandoning module MagicLeapSecureStorage (290)
[2020.02.01-02.59.27:226][462]LogModuleManager: Shutting down and abandoning module MagicLeapHandTracking (288)
[2020.02.01-02.59.27:226][462]LogModuleManager: Shutting down and abandoning module MagicLeapEyeTracker (286)
[2020.02.01-02.59.27:226][462]LogModuleManager: Shutting down and abandoning module MagicLeapController (284)
[2020.02.01-02.59.27:226][462]LogSlate: Slate User Destroyed.  User Index 0, Is Virtual User: 0
[2020.02.01-02.59.27:226][462]LogModuleManager: Shutting down and abandoning module MagicLeapAR (282)
[2020.02.01-02.59.27:226][462]LogModuleManager: Shutting down and abandoning module AugmentedReality (281)
[2020.02.01-02.59.27:226][462]LogModuleManager: Shutting down and abandoning module GameplayTagsEditor (278)
[2020.02.01-02.59.27:226][462]LogModuleManager: Shutting down and abandoning module FacialAnimationEditor (276)
[2020.02.01-02.59.27:226][462]LogModuleManager: Shutting down and abandoning module FacialAnimation (274)
[2020.02.01-02.59.27:226][462]LogModuleManager: Shutting down and abandoning module DataValidation (272)
[2020.02.01-02.59.27:226][462]LogModuleManager: Shutting down and abandoning module AssetManagerEditor (270)
[2020.02.01-02.59.27:226][462]LogModuleManager: Shutting down and abandoning module LevelEditor (269)
[2020.02.01-02.59.27:227][462]LogModuleManager: Shutting down and abandoning module PixelInspectorModule (268)
[2020.02.01-02.59.27:227][462]LogModuleManager: Shutting down and abandoning module CommonMenuExtensions (266)
[2020.02.01-02.59.27:227][462]LogModuleManager: Shutting down and abandoning module MainFrame (264)
[2020.02.01-02.59.27:227][462]LogModuleManager: Shutting down and abandoning module HotReload (263)
[2020.02.01-02.59.27:228][462]LogModuleManager: Shutting down and abandoning module ContentBrowser (259)
[2020.02.01-02.59.27:229][462]LogModuleManager: Shutting down and abandoning module TreeMap (257)
[2020.02.01-02.59.27:229][462]LogModuleManager: Shutting down and abandoning module AnimationSharing (254)
[2020.02.01-02.59.27:229][462]LogModuleManager: Shutting down and abandoning module LightPropagationVolumeRuntime (252)
[2020.02.01-02.59.27:229][462]LogModuleManager: Shutting down and abandoning module Paper2D (250)
[2020.02.01-02.59.27:229][462]LogModuleManager: Shutting down and abandoning module WindowsMoviePlayer (248)
[2020.02.01-02.59.27:231][462]LogModuleManager: Shutting down and abandoning module WebMMoviePlayer (246)
[2020.02.01-02.59.27:231][462]LogModuleManager: Shutting down and abandoning module NetworkReplayStreaming (244)
[2020.02.01-02.59.27:231][462]LogModuleManager: Shutting down and abandoning module PacketHandler (242)
[2020.02.01-02.59.27:231][462]LogModuleManager: Shutting down and abandoning module ClothingSystemEditor (240)
[2020.02.01-02.59.27:231][462]LogModuleManager: Shutting down and abandoning module ClothingSystemRuntime (238)
[2020.02.01-02.59.27:231][462]LogModuleManager: Shutting down and abandoning module MediaAssets (236)
[2020.02.01-02.59.27:231][462]LogModuleManager: Shutting down and abandoning module Overlay (234)
[2020.02.01-02.59.27:231][462]LogModuleManager: Shutting down and abandoning module OverlayEditor (233)
[2020.02.01-02.59.27:231][462]LogModuleManager: Shutting down and abandoning module VREditor (230)
[2020.02.01-02.59.27:231][462]LogModuleManager: Shutting down and abandoning module StringTableEditor (228)
[2020.02.01-02.59.27:231][462]LogModuleManager: Shutting down and abandoning module GameplayTasksEditor (226)
[2020.02.01-02.59.27:231][462]LogModuleManager: Shutting down and abandoning module BehaviorTreeEditor (224)
[2020.02.01-02.59.27:231][462]LogModuleManager: Shutting down and abandoning module FunctionalTesting (222)
[2020.02.01-02.59.27:231][462]LogModuleManager: Shutting down and abandoning module CollisionAnalyzer (220)
[2020.02.01-02.59.27:231][462]LogModuleManager: Shutting down and abandoning module WorkspaceMenuStructure (219)
[2020.02.01-02.59.27:231][462]LogModuleManager: Shutting down and abandoning module UMG (216)
[2020.02.01-02.59.27:231][462]LogModuleManager: Shutting down and abandoning module UMGEditor (215)
[2020.02.01-02.59.27:231][462]LogModuleManager: Shutting down and abandoning module Sequencer (214)
[2020.02.01-02.59.27:231][462]LogModuleManager: Shutting down and abandoning module MessageLog (211)
[2020.02.01-02.59.27:231][462]LogModuleManager: Shutting down and abandoning module SlateReflector (206)
[2020.02.01-02.59.27:231][462]LogModuleManager: Shutting down and abandoning module Slate (204)
[2020.02.01-02.59.27:231][462]LogModuleManager: Shutting down and abandoning module LandscapeEditorUtilities (202)
[2020.02.01-02.59.27:231][462]LogModuleManager: Shutting down and abandoning module EditorStyle (200)
[2020.02.01-02.59.27:233][462]LogModuleManager: Shutting down and abandoning module UnrealEd (198)
[2020.02.01-02.59.27:233][462]LogModuleManager: Shutting down and abandoning module MRMesh (196)
[2020.02.01-02.59.27:233][462]LogModuleManager: Shutting down and abandoning module SourceCodeAccess (194)
[2020.02.01-02.59.27:233][462]LogModuleManager: Shutting down and abandoning module HeadMountedDisplay (192)
[2020.02.01-02.59.27:233][462]LogModuleManager: Shutting down and abandoning module XAudio2 (190)
[2020.02.01-02.59.27:233][462]LogModuleManager: Shutting down and abandoning module Networking (188)
[2020.02.01-02.59.27:233][462]LogModuleManager: Shutting down and abandoning module Core (186)
[2020.02.01-02.59.27:233][462]LogModuleManager: Shutting down and abandoning module KismetCompiler (184)
[2020.02.01-02.59.27:233][462]LogModuleManager: Shutting down and abandoning module MeshUtilities (182)
[2020.02.01-02.59.27:233][462]LogModuleManager: Shutting down and abandoning module MeshMergeUtilities (181)
[2020.02.01-02.59.27:233][462]LogModuleManager: Shutting down and abandoning module MeshReductionInterface (180)
[2020.02.01-02.59.27:233][462]LogModuleManager: Shutting down and abandoning module SkeletalMeshReduction (179)
[2020.02.01-02.59.27:233][462]LogModuleManager: Shutting down and abandoning module ProxyLODMeshReduction (177)
[2020.02.01-02.59.27:233][462]LogModuleManager: Shutting down and abandoning module QuadricMeshReduction (175)
[2020.02.01-02.59.27:233][462]LogModuleManager: Shutting down and abandoning module MaterialBaking (171)
[2020.02.01-02.59.27:233][462]LogModuleManager: Shutting down and abandoning module NullInstallBundleManager (166)
[2020.02.01-02.59.27:233][462]LogModuleManager: Shutting down and abandoning module DerivedDataCache (164)
[2020.02.01-02.59.27:233][462]LogDerivedDataCache: Shutdown
[2020.02.01-02.59.27:233][462]LogModuleManager: Shutting down and abandoning module XGEController (162)
[2020.02.01-02.59.27:233][462]LogModuleManager: Shutting down and abandoning module TargetPlatform (160)
[2020.02.01-02.59.27:233][462]LogModuleManager: Shutting down and abandoning module VulkanShaderFormat (159)
[2020.02.01-02.59.27:233][462]LogModuleManager: Shutting down and abandoning module ShaderFormatVectorVM (157)
[2020.02.01-02.59.27:233][462]LogModuleManager: Shutting down and abandoning module ShaderFormatOpenGL (155)
[2020.02.01-02.59.27:233][462]LogModuleManager: Shutting down and abandoning module ShaderFormatD3D (153)
[2020.02.01-02.59.27:233][462]LogModuleManager: Shutting down and abandoning module MetalShaderFormat (151)
[2020.02.01-02.59.27:233][462]LogModuleManager: Shutting down and abandoning module TextureFormatUncompressed (149)
[2020.02.01-02.59.27:233][462]LogModuleManager: Shutting down and abandoning module TextureFormatPVR (147)
[2020.02.01-02.59.27:233][462]LogModuleManager: Shutting down and abandoning module TextureFormatDXT (145)
[2020.02.01-02.59.27:233][462]LogModuleManager: Shutting down and abandoning module TextureFormatIntelISPCTexComp (143)
[2020.02.01-02.59.27:234][462]LogModuleManager: Shutting down and abandoning module TextureFormatASTC (141)
[2020.02.01-02.59.27:234][462]LogModuleManager: Shutting down and abandoning module ImageWrapper (140)
[2020.02.01-02.59.27:234][462]LogModuleManager: Shutting down and abandoning module TextureFormatAndroid (137)
[2020.02.01-02.59.27:234][462]LogModuleManager: Shutting down and abandoning module AudioFormatOpus (135)
[2020.02.01-02.59.27:234][462]LogModuleManager: Shutting down and abandoning module AudioFormatOgg (133)
[2020.02.01-02.59.27:234][462]LogModuleManager: Shutting down and abandoning module AudioFormatADPCM (131)
[2020.02.01-02.59.27:234][462]LogModuleManager: Shutting down and abandoning module LuminTargetPlatform (129)
[2020.02.01-02.59.27:235][462]LogModuleManager: Shutting down and abandoning module LinuxTargetPlatform (127)
[2020.02.01-02.59.27:235][462]LogModuleManager: Shutting down and abandoning module LinuxServerTargetPlatform (125)
[2020.02.01-02.59.27:235][462]LogModuleManager: Shutting down and abandoning module LinuxNoEditorTargetPlatform (123)
[2020.02.01-02.59.27:235][462]LogModuleManager: Shutting down and abandoning module LinuxClientTargetPlatform (121)
[2020.02.01-02.59.27:235][462]LogModuleManager: Shutting down and abandoning module TVOSTargetPlatform (119)
[2020.02.01-02.59.27:236][462]LogModuleManager: Shutting down and abandoning module Messaging (117)
[2020.02.01-02.59.27:236][462]LogModuleManager: Shutting down and abandoning module IOSTargetPlatform (115)
[2020.02.01-02.59.27:236][462]LogModuleManager: Shutting down and abandoning module HTML5TargetPlatform (113)
[2020.02.01-02.59.27:236][462]LogModuleManager: Shutting down and abandoning module AndroidTargetPlatform (111)
[2020.02.01-02.59.27:244][462]LogModuleManager: Shutting down and abandoning module WindowsTargetPlatform (109)
[2020.02.01-02.59.27:244][462]LogModuleManager: Shutting down and abandoning module WindowsServerTargetPlatform (107)
[2020.02.01-02.59.27:244][462]LogModuleManager: Shutting down and abandoning module WindowsNoEditorTargetPlatform (105)
[2020.02.01-02.59.27:244][462]LogModuleManager: Shutting down and abandoning module WindowsClientTargetPlatform (103)
[2020.02.01-02.59.27:244][462]LogModuleManager: Shutting down and abandoning module MacTargetPlatform (101)
[2020.02.01-02.59.27:244][462]LogModuleManager: Shutting down and abandoning module MacServerTargetPlatform (99)
[2020.02.01-02.59.27:244][462]LogModuleManager: Shutting down and abandoning module MacNoEditorTargetPlatform (97)
[2020.02.01-02.59.27:244][462]LogModuleManager: Shutting down and abandoning module MacClientTargetPlatform (95)
[2020.02.01-02.59.27:244][462]LogModuleManager: Shutting down and abandoning module AllDesktopTargetPlatform (93)
[2020.02.01-02.59.27:244][462]LogModuleManager: Shutting down and abandoning module InputCore (90)
[2020.02.01-02.59.27:244][462]LogModuleManager: Shutting down and abandoning module Settings (88)
[2020.02.01-02.59.27:244][462]LogModuleManager: Shutting down and abandoning module DirectoryWatcher (86)
[2020.02.01-02.59.27:245][462]LogModuleManager: Shutting down and abandoning module PhysXCooking (84)
[2020.02.01-02.59.27:245][462]LogModuleManager: Shutting down and abandoning module WindowsPlatformFeatures (82)
[2020.02.01-02.59.27:245][462]LogModuleManager: Shutting down and abandoning module GameplayMediaEncoder (81)
[2020.02.01-02.59.27:245][462]LogModuleManager: Shutting down and abandoning module SteamVR (78)
[2020.02.01-02.59.27:245][462]LogHMD: Freeing OpenVRDLLHandle.
[2020.02.01-02.59.27:245][462]LogModuleManager: Shutting down and abandoning module OculusHMD (76)
[2020.02.01-02.59.27:245][462]LogModuleManager: Shutting down and abandoning module ExampleDeviceProfileSelector (74)
[2020.02.01-02.59.27:245][462]LogModuleManager: Shutting down and abandoning module LauncherChunkInstaller (72)
[2020.02.01-02.59.27:245][462]LogModuleManager: Shutting down and abandoning module OnlineBlueprintSupport (70)
[2020.02.01-02.59.27:245][462]LogModuleManager: Shutting down and abandoning module OnlineSubsystem (66)
[2020.02.01-02.59.27:246][462]LogModuleManager: Shutting down and abandoning module XMPP (61)
[2020.02.01-02.59.27:246][462]LogModuleManager: Shutting down and abandoning module WebSockets (60)
[2020.02.01-02.59.27:281][462]LogModuleManager: Shutting down and abandoning module HTTP (57)
[2020.02.01-02.59.27:281][462]LogHttp: Display: Http module shutting down, but needs to wait on 1 outstanding Http requests:
[2020.02.01-02.59.27:281][462]LogHttp: Display: 	verb=[POST] url=[https://datarouter.ol.epicgames.com/datarouter/api/v1/public/data?SessionID=%7BB3D7C22A-49D9-8D32-80C2-5DB02F624F00%7D&AppID=UEEditor.Rocket.Release&AppVersion=4.23.1-9631420%2B%2B%2BUE4%2BRelease-4.23&UserID=b2e2e8de4419e9af3432b3b38b89a75d%7C0ffe611c19f94894a84a9fb22575ba4e%7C71fa327f-b44a-4311-b5c6-d13c7ee70aaf&AppEnvironment=datacollector-binary&UploadType=eteventstream] status=Processing
[2020.02.01-02.59.27:292][462]LogModuleManager: Shutting down and abandoning module SSL (56)
[2020.02.01-02.59.27:293][462]LogModuleManager: Shutting down and abandoning module WmfMedia (52)
[2020.02.01-02.59.27:294][462]LogModuleManager: Shutting down and abandoning module Media (51)
[2020.02.01-02.59.27:295][462]LogModuleManager: Shutting down and abandoning module MagicLeap (48)
[2020.02.01-02.59.27:295][462]LogModuleManager: Shutting down and abandoning module DatasmithContent (46)
[2020.02.01-02.59.27:296][462]LogModuleManager: Shutting down and abandoning module AISupportModule (44)
[2020.02.01-02.59.27:296][462]LogModuleManager: Shutting down and abandoning module PlatformCryptoOpenSSL (42)
[2020.02.01-02.59.27:296][462]LogModuleManager: Shutting down and abandoning module PlatformCrypto (40)
[2020.02.01-02.59.27:296][462]LogModuleManager: Shutting down and abandoning module AnimationModifiers (38)
[2020.02.01-02.59.27:296][462]LogModuleManager: Shutting down and abandoning module PropertyEditor (37)
[2020.02.01-02.59.27:296][462]LogModuleManager: Shutting down and abandoning module AudioEditor (34)
[2020.02.01-02.59.27:296][462]LogModuleManager: Shutting down and abandoning module TextureCompressor (32)
[2020.02.01-02.59.27:296][462]LogModuleManager: Shutting down and abandoning module RenderCore (30)
[2020.02.01-02.59.27:296][462]LogModuleManager: Shutting down and abandoning module Landscape (28)
[2020.02.01-02.59.27:296][462]LogModuleManager: Shutting down and abandoning module SlateRHIRenderer (26)
[2020.02.01-02.59.27:297][462]LogModuleManager: Shutting down and abandoning module OpenGLDrv (24)
[2020.02.01-02.59.27:297][462]LogModuleManager: Shutting down and abandoning module D3D11RHI (22)
[2020.02.01-02.59.27:297][462]LogModuleManager: Shutting down and abandoning module AnimGraphRuntime (20)
[2020.02.01-02.59.27:297][462]LogModuleManager: Shutting down and abandoning module Renderer (18)
[2020.02.01-02.59.27:297][462]LogModuleManager: Shutting down and abandoning module Engine (16)
[2020.02.01-02.59.27:297][462]LogModuleManager: Shutting down and abandoning module CoreUObject (14)
[2020.02.01-02.59.27:298][462]LogModuleManager: Shutting down and abandoning module NetworkFile (12)
[2020.02.01-02.59.27:298][462]LogModuleManager: Shutting down and abandoning module CookedIterativeFile (10)
[2020.02.01-02.59.27:298][462]LogModuleManager: Shutting down and abandoning module StreamingFile (8)
[2020.02.01-02.59.27:298][462]LogModuleManager: Shutting down and abandoning module SandboxFile (6)
[2020.02.01-02.59.27:298][462]LogModuleManager: Shutting down and abandoning module PakFile (4)
[2020.02.01-02.59.27:298][462]LogModuleManager: Shutting down and abandoning module RSA (3)
[2020.02.01-02.59.27:300][462]LogD3D11RHI: Shutdown
[2020.02.01-02.59.27:300][462]LogD3D11RHI: CleanupD3DDevice
[2020.02.01-02.59.27:334][462]LogRendererCore: FGlobalDynamicReadBuffer::Cleanup()
[2020.02.01-02.59.27:334][462]LogRendererCore: FGlobalDynamicReadBuffer::Cleanup()
[2020.02.01-02.59.27:334][462]LogRendererCore: FGlobalDynamicReadBuffer::Cleanup()
[2020.02.01-02.59.27:496][462]LogD3D11RHI: ~FD3D11DynamicRHI
[2020.02.01-02.59.27:507][462]LogExit: Exiting.
[2020.02.01-02.59.27:528][462]Log file closed, 01/31/20 21:59:27
